<test-run id="2" testcasecount="5" result="Passed" start-time="2026-02-15 14:32:31.724443" end-time="2026-02-15 14:32:31.961194" duration="0" total="5" passed="5" failed="0" inconclusive="0" skipped="0" asserts="0" clr-version="3.12.10 (tags/v3.12.10:0cc8128, Apr  8 2025, 12:21:36) [MSC v.1943 64 bit (AMD64)]" engine-version="3.6.2"><command-line>C:\Users\jerio\RiderProjects\fractalstat\.venv\Lib\site-packages\pytest\__main__.py test_gui_fix.py -v</command-line><filter><test re="0">test_gui_fix.py</test></filter><test-suite id="test_gui_fix.py" name="test_gui_fix.py" fullname="test_gui_fix.py" methodname="" classname="" runstate="Runnable" type="Assembly" testcasecount="5" result="Passed" label="Test script to verify the GUI asyncio fix works correctly.&#10;&#10;This script tests the key components of the fixed GUI to ensure:&#10;1. Session state initialization works properly&#10;2. Thread-safe progress tracking functions&#10;3. Asyncio event loop handling in background threads&#10;4. Proper cleanup and error handling" start-time="2026-02-15 14:32:31.795661" end-time="2026-02-15 14:32:31.961194" duration="0.165533" asserts="0" total="5" passed="5" failed="0" warnings="0" inconclusive="0" skipped="0"><properties><property name="python_version" value="3.12.10 (tags/v3.12.10:0cc8128, Apr  8 2025, 12:21:36) [MSC v.1943 64 bit (AMD64)]" /></properties><test-case id="100" name="test_gui_fix.py::test_progress_reporter" fullname="test_gui_fix.py::test_progress_reporter" methodname="test_progress_reporter" classname="test_gui_fix.py" runstate="Runnable" seed="1" result="Passed" label="Test the ProgressReporter class." start-time="2026-02-15 14:32:31.795661" end-time="2026-02-15 14:32:31.821386" duration="0.025725" asserts="0"><properties><property name="python-version" value="3.12.10 (tags/v3.12.10:0cc8128, Apr  8 2025, 12:21:36) [MSC v.1943 64 bit (AMD64)]" /><property name="fspath" value="test_gui_fix.py" /></properties><environment framework-version="3.6.2" clr-version="3.12.10 (tags/v3.12.10:0cc8128, Apr  8 2025, 12:21:36) [MSC v.1943 64 bit (AMD64)]" os-version="11" platform="Windows" cwd="C:\Users\jerio\RiderProjects\fractalstat" machine-name="AMD64" user="" user-domain="" culture="en_US" uiculture="en_US" os-architecture="64bit" /><failure><message><![CDATA[]]></message><stack-trace><![CDATA[None]]></stack-trace></failure><reason><message><![CDATA[]]></message></reason><output><![CDATA[]]></output></test-case><test-case id="101" name="test_gui_fix.py::test_thread_safe_progress_tracking" fullname="test_gui_fix.py::test_thread_safe_progress_tracking" methodname="test_thread_safe_progress_tracking" classname="test_gui_fix.py" runstate="Runnable" seed="1" result="Passed" label="Test that progress tracking works correctly with multiple threads." start-time="2026-02-15 14:32:31.823915" end-time="2026-02-15 14:32:31.833777" duration="0.009862" asserts="0"><properties><property name="python-version" value="3.12.10 (tags/v3.12.10:0cc8128, Apr  8 2025, 12:21:36) [MSC v.1943 64 bit (AMD64)]" /><property name="fspath" value="test_gui_fix.py" /></properties><environment framework-version="3.6.2" clr-version="3.12.10 (tags/v3.12.10:0cc8128, Apr  8 2025, 12:21:36) [MSC v.1943 64 bit (AMD64)]" os-version="11" platform="Windows" cwd="C:\Users\jerio\RiderProjects\fractalstat" machine-name="AMD64" user="" user-domain="" culture="en_US" uiculture="en_US" os-architecture="64bit" /><failure><message><![CDATA[]]></message><stack-trace><![CDATA[None]]></stack-trace></failure><reason><message><![CDATA[]]></message></reason><output><![CDATA[]]></output></test-case><test-case id="102" name="test_gui_fix.py::test_error_handling" fullname="test_gui_fix.py::test_error_handling" methodname="test_error_handling" classname="test_gui_fix.py" runstate="Runnable" seed="1" result="Passed" label="Test error handling and cleanup." start-time="2026-02-15 14:32:31.836449" end-time="2026-02-15 14:32:31.843381" duration="0.006932" asserts="0"><properties><property name="python-version" value="3.12.10 (tags/v3.12.10:0cc8128, Apr  8 2025, 12:21:36) [MSC v.1943 64 bit (AMD64)]" /><property name="fspath" value="test_gui_fix.py" /></properties><environment framework-version="3.6.2" clr-version="3.12.10 (tags/v3.12.10:0cc8128, Apr  8 2025, 12:21:36) [MSC v.1943 64 bit (AMD64)]" os-version="11" platform="Windows" cwd="C:\Users\jerio\RiderProjects\fractalstat" machine-name="AMD64" user="" user-domain="" culture="en_US" uiculture="en_US" os-architecture="64bit" /><failure><message><![CDATA[]]></message><stack-trace><![CDATA[None]]></stack-trace></failure><reason><message><![CDATA[]]></message></reason><output><![CDATA[]]></output></test-case><test-case id="103" name="test_gui_fix.py::test_session_state_initialization" fullname="test_gui_fix.py::test_session_state_initialization" methodname="test_session_state_initialization" classname="test_gui_fix.py" runstate="Runnable" seed="1" result="Passed" label="Test that session state initialization works without errors." start-time="2026-02-15 14:32:31.845895" end-time="2026-02-15 14:32:31.848898" duration="0.003003" asserts="0"><properties><property name="python-version" value="3.12.10 (tags/v3.12.10:0cc8128, Apr  8 2025, 12:21:36) [MSC v.1943 64 bit (AMD64)]" /><property name="fspath" value="test_gui_fix.py" /></properties><environment framework-version="3.6.2" clr-version="3.12.10 (tags/v3.12.10:0cc8128, Apr  8 2025, 12:21:36) [MSC v.1943 64 bit (AMD64)]" os-version="11" platform="Windows" cwd="C:\Users\jerio\RiderProjects\fractalstat" machine-name="AMD64" user="" user-domain="" culture="en_US" uiculture="en_US" os-architecture="64bit" /><failure><message><![CDATA[]]></message><stack-trace><![CDATA[None]]></stack-trace></failure><reason><message><![CDATA[]]></message></reason><output><![CDATA[]]></output></test-case><test-case id="104" name="test_gui_fix.py::test_asyncio_event_loop_in_thread" fullname="test_gui_fix.py::test_asyncio_event_loop_in_thread" methodname="test_asyncio_event_loop_in_thread" classname="test_gui_fix.py" runstate="Runnable" seed="1" result="Passed" label="Test that asyncio event loops work correctly in background threads." start-time="2026-02-15 14:32:31.850413" end-time="2026-02-15 14:32:31.961194" duration="0.110781" asserts="0"><properties><property name="python-version" value="3.12.10 (tags/v3.12.10:0cc8128, Apr  8 2025, 12:21:36) [MSC v.1943 64 bit (AMD64)]" /><property name="fspath" value="test_gui_fix.py" /></properties><environment framework-version="3.6.2" clr-version="3.12.10 (tags/v3.12.10:0cc8128, Apr  8 2025, 12:21:36) [MSC v.1943 64 bit (AMD64)]" os-version="11" platform="Windows" cwd="C:\Users\jerio\RiderProjects\fractalstat" machine-name="AMD64" user="" user-domain="" culture="en_US" uiculture="en_US" os-architecture="64bit" /><failure><message><![CDATA[]]></message><stack-trace><![CDATA[None]]></stack-trace></failure><reason><message><![CDATA[]]></message></reason><output><![CDATA[]]></output></test-case><environment framework-version="3.6.2" clr-version="3.12.10 (tags/v3.12.10:0cc8128, Apr  8 2025, 12:21:36) [MSC v.1943 64 bit (AMD64)]" os-version="11" platform="Windows" cwd="C:\Users\jerio\RiderProjects\fractalstat" machine-name="AMD64" user="" user-domain="" culture="en_US" uiculture="en_US" os-architecture="64bit" /></test-suite></test-run>