<test-run id="2" testcasecount="0" result="Passed" start-time="2026-01-30 15:38:56.424027" end-time="2026-01-30 15:38:57.638673" duration="1" total="0" passed="0" failed="0" inconclusive="0" skipped="0" asserts="0" clr-version="3.12.10 (tags/v3.12.10:0cc8128, Apr  8 2025, 12:21:36) [MSC v.1943 64 bit (AMD64)]" engine-version="3.6.2"><command-line>C:\Users\jerio\RiderProjects\fractalstat\.venv\Lib\site-packages\pytest\__main__.py -p vscode_pytest --collect-only tests --rootdir=c:\Users\jerio\RiderProjects\fractalstat</command-line><filter><test re="0">tests</test></filter><test-suite id="tests/test_exp06_entanglement_detection.py::TestRealmAffinity" name="tests/test_exp06_entanglement_detection.py::TestRealmAffinity" fullname="tests/test_exp06_entanglement_detection.py::TestRealmAffinity" methodname="" classname="" runstate="Runnable" type="Assembly" testcasecount="0" result="Passed" label="Test realm affinity scoring." start-time="0001-01-01 00:00:00.000000" end-time="0001-01-01 00:00:00.000000" duration="0.0" asserts="0" total="0" passed="0" failed="0" warnings="0" inconclusive="0" skipped="0"><properties><property name="python_version" value="3.12.10 (tags/v3.12.10:0cc8128, Apr  8 2025, 12:21:36) [MSC v.1943 64 bit (AMD64)]" /></properties><environment framework-version="3.6.2" clr-version="3.12.10 (tags/v3.12.10:0cc8128, Apr  8 2025, 12:21:36) [MSC v.1943 64 bit (AMD64)]" os-version="11" platform="Windows" cwd="c:\Users\jerio\RiderProjects\fractalstat" machine-name="AMD64" user="" user-domain="" culture="en_US" uiculture="en_US" os-architecture="64bit" /></test-suite><test-suite id="tests/test_exp11_dimension_cardinality.py::TestDimensionCardinalityResult" name="tests/test_exp11_dimension_cardinality.py::TestDimensionCardinalityResult" fullname="tests/test_exp11_dimension_cardinality.py::TestDimensionCardinalityResult" methodname="" classname="" runstate="Runnable" type="Assembly" testcasecount="0" result="Passed" label="Tests for DimensionCardinalityResult dataclass." start-time="0001-01-01 00:00:00.000000" end-time="0001-01-01 00:00:00.000000" duration="0.0" asserts="0" total="0" passed="0" failed="0" warnings="0" inconclusive="0" skipped="0"><properties><property name="python_version" value="3.12.10 (tags/v3.12.10:0cc8128, Apr  8 2025, 12:21:36) [MSC v.1943 64 bit (AMD64)]" /></properties><environment framework-version="3.6.2" clr-version="3.12.10 (tags/v3.12.10:0cc8128, Apr  8 2025, 12:21:36) [MSC v.1943 64 bit (AMD64)]" os-version="11" platform="Windows" cwd="c:\Users\jerio\RiderProjects\fractalstat" machine-name="AMD64" user="" user-domain="" culture="en_US" uiculture="en_US" os-architecture="64bit" /></test-suite><test-suite id="tests/test_exp05_compression_expansion.py::TestReconstructionEdgeCases" name="tests/test_exp05_compression_expansion.py::TestReconstructionEdgeCases" fullname="tests/test_exp05_compression_expansion.py::TestReconstructionEdgeCases" methodname="" classname="" runstate="Runnable" type="Assembly" testcasecount="0" result="Passed" label="Test reconstruction edge cases and error handling." start-time="0001-01-01 00:00:00.000000" end-time="0001-01-01 00:00:00.000000" duration="0.0" asserts="0" total="0" passed="0" failed="0" warnings="0" inconclusive="0" skipped="0"><properties><property name="python_version" value="3.12.10 (tags/v3.12.10:0cc8128, Apr  8 2025, 12:21:36) [MSC v.1943 64 bit (AMD64)]" /></properties><environment framework-version="3.6.2" clr-version="3.12.10 (tags/v3.12.10:0cc8128, Apr  8 2025, 12:21:36) [MSC v.1943 64 bit (AMD64)]" os-version="11" platform="Windows" cwd="c:\Users\jerio\RiderProjects\fractalstat" machine-name="AMD64" user="" user-domain="" culture="en_US" uiculture="en_US" os-architecture="64bit" /></test-suite><test-suite id="tests/test_exp06_entanglement_detection.py::TestCosineSimilarity" name="tests/test_exp06_entanglement_detection.py::TestCosineSimilarity" fullname="tests/test_exp06_entanglement_detection.py::TestCosineSimilarity" methodname="" classname="" runstate="Runnable" type="Assembly" testcasecount="0" result="Passed" label="Test cosine similarity computation." start-time="0001-01-01 00:00:00.000000" end-time="0001-01-01 00:00:00.000000" duration="0.0" asserts="0" total="0" passed="0" failed="0" warnings="0" inconclusive="0" skipped="0"><properties><property name="python_version" value="3.12.10 (tags/v3.12.10:0cc8128, Apr  8 2025, 12:21:36) [MSC v.1943 64 bit (AMD64)]" /></properties><environment framework-version="3.6.2" clr-version="3.12.10 (tags/v3.12.10:0cc8128, Apr  8 2025, 12:21:36) [MSC v.1943 64 bit (AMD64)]" os-version="11" platform="Windows" cwd="c:\Users\jerio\RiderProjects\fractalstat" machine-name="AMD64" user="" user-domain="" culture="en_US" uiculture="en_US" os-architecture="64bit" /></test-suite><test-suite id="tests/test_exp03_coordinate_entropy.py::TestEXP03Summary" name="tests/test_exp03_coordinate_entropy.py::TestEXP03Summary" fullname="tests/test_exp03_coordinate_entropy.py::TestEXP03Summary" methodname="" classname="" runstate="Runnable" type="Assembly" testcasecount="0" result="Passed" label="Test EXP-03 summary generation." start-time="0001-01-01 00:00:00.000000" end-time="0001-01-01 00:00:00.000000" duration="0.0" asserts="0" total="0" passed="0" failed="0" warnings="0" inconclusive="0" skipped="0"><properties><property name="python_version" value="3.12.10 (tags/v3.12.10:0cc8128, Apr  8 2025, 12:21:36) [MSC v.1943 64 bit (AMD64)]" /></properties><environment framework-version="3.6.2" clr-version="3.12.10 (tags/v3.12.10:0cc8128, Apr  8 2025, 12:21:36) [MSC v.1943 64 bit (AMD64)]" os-version="11" platform="Windows" cwd="c:\Users\jerio\RiderProjects\fractalstat" machine-name="AMD64" user="" user-domain="" culture="en_US" uiculture="en_US" os-architecture="64bit" /></test-suite><test-suite id="tests/test_exp12_benchmark_comparison.py::TestBenchmarkComparisonResult" name="tests/test_exp12_benchmark_comparison.py::TestBenchmarkComparisonResult" fullname="tests/test_exp12_benchmark_comparison.py::TestBenchmarkComparisonResult" methodname="" classname="" runstate="Runnable" type="Assembly" testcasecount="0" result="Passed" label="Tests for BenchmarkComparisonResult dataclass." start-time="0001-01-01 00:00:00.000000" end-time="0001-01-01 00:00:00.000000" duration="0.0" asserts="0" total="0" passed="0" failed="0" warnings="0" inconclusive="0" skipped="0"><properties><property name="python_version" value="3.12.10 (tags/v3.12.10:0cc8128, Apr  8 2025, 12:21:36) [MSC v.1943 64 bit (AMD64)]" /></properties><environment framework-version="3.6.2" clr-version="3.12.10 (tags/v3.12.10:0cc8128, Apr  8 2025, 12:21:36) [MSC v.1943 64 bit (AMD64)]" os-version="11" platform="Windows" cwd="c:\Users\jerio\RiderProjects\fractalstat" machine-name="AMD64" user="" user-domain="" culture="en_US" uiculture="en_US" os-architecture="64bit" /></test-suite><test-suite id="tests/test_exp07_luca_bootstrap.py::TestLUCABootstrapResult" name="tests/test_exp07_luca_bootstrap.py::TestLUCABootstrapResult" fullname="tests/test_exp07_luca_bootstrap.py::TestLUCABootstrapResult" methodname="" classname="" runstate="Runnable" type="Assembly" testcasecount="0" result="Passed" label="Test LUCA bootstrap result tracking." start-time="0001-01-01 00:00:00.000000" end-time="0001-01-01 00:00:00.000000" duration="0.0" asserts="0" total="0" passed="0" failed="0" warnings="0" inconclusive="0" skipped="0"><properties><property name="python_version" value="3.12.10 (tags/v3.12.10:0cc8128, Apr  8 2025, 12:21:36) [MSC v.1943 64 bit (AMD64)]" /></properties><environment framework-version="3.6.2" clr-version="3.12.10 (tags/v3.12.10:0cc8128, Apr  8 2025, 12:21:36) [MSC v.1943 64 bit (AMD64)]" os-version="11" platform="Windows" cwd="c:\Users\jerio\RiderProjects\fractalstat" machine-name="AMD64" user="" user-domain="" culture="en_US" uiculture="en_US" os-architecture="64bit" /></test-suite><test-suite id="tests/test_fractalstat_experiments.py::TestComputeAddressHashDeterminism" name="tests/test_fractalstat_experiments.py::TestComputeAddressHashDeterminism" fullname="tests/test_fractalstat_experiments.py::TestComputeAddressHashDeterminism" methodname="" classname="" runstate="Runnable" type="Assembly" testcasecount="0" result="Passed" label="Test compute_address_hash determinism." start-time="0001-01-01 00:00:00.000000" end-time="0001-01-01 00:00:00.000000" duration="0.0" asserts="0" total="0" passed="0" failed="0" warnings="0" inconclusive="0" skipped="0"><properties><property name="python_version" value="3.12.10 (tags/v3.12.10:0cc8128, Apr  8 2025, 12:21:36) [MSC v.1943 64 bit (AMD64)]" /></properties><environment framework-version="3.6.2" clr-version="3.12.10 (tags/v3.12.10:0cc8128, Apr  8 2025, 12:21:36) [MSC v.1943 64 bit (AMD64)]" os-version="11" platform="Windows" cwd="c:\Users\jerio\RiderProjects\fractalstat" machine-name="AMD64" user="" user-domain="" culture="en_US" uiculture="en_US" os-architecture="64bit" /></test-suite><test-suite id="tests/test_fractalstat_experiments_extended.py::TestEXP02Result" name="tests/test_fractalstat_experiments_extended.py::TestEXP02Result" fullname="tests/test_fractalstat_experiments_extended.py::TestEXP02Result" methodname="" classname="" runstate="Runnable" type="Assembly" testcasecount="0" result="Passed" label="Tests for EXP-02 result data structure." start-time="0001-01-01 00:00:00.000000" end-time="0001-01-01 00:00:00.000000" duration="0.0" asserts="0" total="0" passed="0" failed="0" warnings="0" inconclusive="0" skipped="0"><properties><property name="python_version" value="3.12.10 (tags/v3.12.10:0cc8128, Apr  8 2025, 12:21:36) [MSC v.1943 64 bit (AMD64)]" /></properties><environment framework-version="3.6.2" clr-version="3.12.10 (tags/v3.12.10:0cc8128, Apr  8 2025, 12:21:36) [MSC v.1943 64 bit (AMD64)]" os-version="11" platform="Windows" cwd="c:\Users\jerio\RiderProjects\fractalstat" machine-name="AMD64" user="" user-domain="" culture="en_US" uiculture="en_US" os-architecture="64bit" /></test-suite><test-suite id="tests/test_exp01_geometric_collision.py::TestMainEntryPoint" name="tests/test_exp01_geometric_collision.py::TestMainEntryPoint" fullname="tests/test_exp01_geometric_collision.py::TestMainEntryPoint" methodname="" classname="" runstate="Runnable" type="Assembly" testcasecount="0" result="Passed" label="Test main entry point execution." start-time="0001-01-01 00:00:00.000000" end-time="0001-01-01 00:00:00.000000" duration="0.0" asserts="0" total="0" passed="0" failed="0" warnings="0" inconclusive="0" skipped="0"><properties><property name="python_version" value="3.12.10 (tags/v3.12.10:0cc8128, Apr  8 2025, 12:21:36) [MSC v.1943 64 bit (AMD64)]" /></properties><environment framework-version="3.6.2" clr-version="3.12.10 (tags/v3.12.10:0cc8128, Apr  8 2025, 12:21:36) [MSC v.1943 64 bit (AMD64)]" os-version="11" platform="Windows" cwd="c:\Users\jerio\RiderProjects\fractalstat" machine-name="AMD64" user="" user-domain="" culture="en_US" uiculture="en_US" os-architecture="64bit" /></test-suite><test-suite id="tests/test_exp04_fractal_scaling.py::TestSaveResults" name="tests/test_exp04_fractal_scaling.py::TestSaveResults" fullname="tests/test_exp04_fractal_scaling.py::TestSaveResults" methodname="" classname="" runstate="Runnable" type="Assembly" testcasecount="0" result="Passed" label="Test results persistence." start-time="0001-01-01 00:00:00.000000" end-time="0001-01-01 00:00:00.000000" duration="0.0" asserts="0" total="0" passed="0" failed="0" warnings="0" inconclusive="0" skipped="0"><properties><property name="python_version" value="3.12.10 (tags/v3.12.10:0cc8128, Apr  8 2025, 12:21:36) [MSC v.1943 64 bit (AMD64)]" /></properties><environment framework-version="3.6.2" clr-version="3.12.10 (tags/v3.12.10:0cc8128, Apr  8 2025, 12:21:36) [MSC v.1943 64 bit (AMD64)]" os-version="11" platform="Windows" cwd="c:\Users\jerio\RiderProjects\fractalstat" machine-name="AMD64" user="" user-domain="" culture="en_US" uiculture="en_US" os-architecture="64bit" /></test-suite><test-suite id="tests/test_fractalstat_experiments.py::TestCoordinates" name="tests/test_fractalstat_experiments.py::TestCoordinates" fullname="tests/test_fractalstat_experiments.py::TestCoordinates" methodname="" classname="" runstate="Runnable" type="Assembly" testcasecount="0" result="Passed" label="Test FractalStat Coordinates." start-time="0001-01-01 00:00:00.000000" end-time="0001-01-01 00:00:00.000000" duration="0.0" asserts="0" total="0" passed="0" failed="0" warnings="0" inconclusive="0" skipped="0"><properties><property name="python_version" value="3.12.10 (tags/v3.12.10:0cc8128, Apr  8 2025, 12:21:36) [MSC v.1943 64 bit (AMD64)]" /></properties><environment framework-version="3.6.2" clr-version="3.12.10 (tags/v3.12.10:0cc8128, Apr  8 2025, 12:21:36) [MSC v.1943 64 bit (AMD64)]" os-version="11" platform="Windows" cwd="c:\Users\jerio\RiderProjects\fractalstat" machine-name="AMD64" user="" user-domain="" culture="en_US" uiculture="en_US" os-architecture="64bit" /></test-suite><test-suite id="tests/test_exp12_benchmark_comparison.py::TestSystemBenchmarkResult" name="tests/test_exp12_benchmark_comparison.py::TestSystemBenchmarkResult" fullname="tests/test_exp12_benchmark_comparison.py::TestSystemBenchmarkResult" methodname="" classname="" runstate="Runnable" type="Assembly" testcasecount="0" result="Passed" label="Tests for SystemBenchmarkResult dataclass." start-time="0001-01-01 00:00:00.000000" end-time="0001-01-01 00:00:00.000000" duration="0.0" asserts="0" total="0" passed="0" failed="0" warnings="0" inconclusive="0" skipped="0"><properties><property name="python_version" value="3.12.10 (tags/v3.12.10:0cc8128, Apr  8 2025, 12:21:36) [MSC v.1943 64 bit (AMD64)]" /></properties><environment framework-version="3.6.2" clr-version="3.12.10 (tags/v3.12.10:0cc8128, Apr  8 2025, 12:21:36) [MSC v.1943 64 bit (AMD64)]" os-version="11" platform="Windows" cwd="c:\Users\jerio\RiderProjects\fractalstat" machine-name="AMD64" user="" user-domain="" culture="en_US" uiculture="en_US" os-architecture="64bit" /></test-suite><test-suite id="tests/test_config_feature_flags.py::TestExperimentConfig" name="tests/test_config_feature_flags.py::TestExperimentConfig" fullname="tests/test_config_feature_flags.py::TestExperimentConfig" methodname="" classname="" runstate="Runnable" type="Assembly" testcasecount="0" result="Passed" label="Test ExperimentConfig class." start-time="0001-01-01 00:00:00.000000" end-time="0001-01-01 00:00:00.000000" duration="0.0" asserts="0" total="0" passed="0" failed="0" warnings="0" inconclusive="0" skipped="0"><properties><property name="python_version" value="3.12.10 (tags/v3.12.10:0cc8128, Apr  8 2025, 12:21:36) [MSC v.1943 64 bit (AMD64)]" /></properties><environment framework-version="3.6.2" clr-version="3.12.10 (tags/v3.12.10:0cc8128, Apr  8 2025, 12:21:36) [MSC v.1943 64 bit (AMD64)]" os-version="11" platform="Windows" cwd="c:\Users\jerio\RiderProjects\fractalstat" machine-name="AMD64" user="" user-domain="" culture="en_US" uiculture="en_US" os-architecture="64bit" /></test-suite><test-suite id="tests/test_exp11_dimension_cardinality.py::TestMainEntryPoint" name="tests/test_exp11_dimension_cardinality.py::TestMainEntryPoint" fullname="tests/test_exp11_dimension_cardinality.py::TestMainEntryPoint" methodname="" classname="" runstate="Runnable" type="Assembly" testcasecount="0" result="Passed" label="Tests for main entry point execution." start-time="0001-01-01 00:00:00.000000" end-time="0001-01-01 00:00:00.000000" duration="0.0" asserts="0" total="0" passed="0" failed="0" warnings="0" inconclusive="0" skipped="0"><properties><property name="python_version" value="3.12.10 (tags/v3.12.10:0cc8128, Apr  8 2025, 12:21:36) [MSC v.1943 64 bit (AMD64)]" /></properties><environment framework-version="3.6.2" clr-version="3.12.10 (tags/v3.12.10:0cc8128, Apr  8 2025, 12:21:36) [MSC v.1943 64 bit (AMD64)]" os-version="11" platform="Windows" cwd="c:\Users\jerio\RiderProjects\fractalstat" machine-name="AMD64" user="" user-domain="" culture="en_US" uiculture="en_US" os-architecture="64bit" /></test-suite><test-suite id="tests/test_exp04_fractal_scaling.py::TestScaleTestResults" name="tests/test_exp04_fractal_scaling.py::TestScaleTestResults" fullname="tests/test_exp04_fractal_scaling.py::TestScaleTestResults" methodname="" classname="" runstate="Runnable" type="Assembly" testcasecount="0" result="Passed" label="Test ScaleTestResults data structure." start-time="0001-01-01 00:00:00.000000" end-time="0001-01-01 00:00:00.000000" duration="0.0" asserts="0" total="0" passed="0" failed="0" warnings="0" inconclusive="0" skipped="0"><properties><property name="python_version" value="3.12.10 (tags/v3.12.10:0cc8128, Apr  8 2025, 12:21:36) [MSC v.1943 64 bit (AMD64)]" /></properties><environment framework-version="3.6.2" clr-version="3.12.10 (tags/v3.12.10:0cc8128, Apr  8 2025, 12:21:36) [MSC v.1943 64 bit (AMD64)]" os-version="11" platform="Windows" cwd="c:\Users\jerio\RiderProjects\fractalstat" machine-name="AMD64" user="" user-domain="" culture="en_US" uiculture="en_US" os-architecture="64bit" /></test-suite><test-suite id="tests/test_exp12_benchmark_comparison.py::TestMainEntryPoint" name="tests/test_exp12_benchmark_comparison.py::TestMainEntryPoint" fullname="tests/test_exp12_benchmark_comparison.py::TestMainEntryPoint" methodname="" classname="" runstate="Runnable" type="Assembly" testcasecount="0" result="Passed" label="Tests for main entry point execution." start-time="0001-01-01 00:00:00.000000" end-time="0001-01-01 00:00:00.000000" duration="0.0" asserts="0" total="0" passed="0" failed="0" warnings="0" inconclusive="0" skipped="0"><properties><property name="python_version" value="3.12.10 (tags/v3.12.10:0cc8128, Apr  8 2025, 12:21:36) [MSC v.1943 64 bit (AMD64)]" /></properties><environment framework-version="3.6.2" clr-version="3.12.10 (tags/v3.12.10:0cc8128, Apr  8 2025, 12:21:36) [MSC v.1943 64 bit (AMD64)]" os-version="11" platform="Windows" cwd="c:\Users\jerio\RiderProjects\fractalstat" machine-name="AMD64" user="" user-domain="" culture="en_US" uiculture="en_US" os-architecture="64bit" /></test-suite><test-suite id="tests/test_fractalstat_experiments.py::TestDataClassEnum" name="tests/test_fractalstat_experiments.py::TestDataClassEnum" fullname="tests/test_fractalstat_experiments.py::TestDataClassEnum" methodname="" classname="" runstate="Runnable" type="Assembly" testcasecount="0" result="Passed" label="Test DataClass security enum." start-time="0001-01-01 00:00:00.000000" end-time="0001-01-01 00:00:00.000000" duration="0.0" asserts="0" total="0" passed="0" failed="0" warnings="0" inconclusive="0" skipped="0"><properties><property name="python_version" value="3.12.10 (tags/v3.12.10:0cc8128, Apr  8 2025, 12:21:36) [MSC v.1943 64 bit (AMD64)]" /></properties><environment framework-version="3.6.2" clr-version="3.12.10 (tags/v3.12.10:0cc8128, Apr  8 2025, 12:21:36) [MSC v.1943 64 bit (AMD64)]" os-version="11" platform="Windows" cwd="c:\Users\jerio\RiderProjects\fractalstat" machine-name="AMD64" user="" user-domain="" culture="en_US" uiculture="en_US" os-architecture="64bit" /></test-suite><test-suite id="tests/test_exp11b_dimension_stress_test.py::TestSaveResults" name="tests/test_exp11b_dimension_stress_test.py::TestSaveResults" fullname="tests/test_exp11b_dimension_stress_test.py::TestSaveResults" methodname="" classname="" runstate="Runnable" type="Assembly" testcasecount="0" result="Passed" label="Test save_results function." start-time="0001-01-01 00:00:00.000000" end-time="0001-01-01 00:00:00.000000" duration="0.0" asserts="0" total="0" passed="0" failed="0" warnings="0" inconclusive="0" skipped="0"><properties><property name="python_version" value="3.12.10 (tags/v3.12.10:0cc8128, Apr  8 2025, 12:21:36) [MSC v.1943 64 bit (AMD64)]" /></properties><environment framework-version="3.6.2" clr-version="3.12.10 (tags/v3.12.10:0cc8128, Apr  8 2025, 12:21:36) [MSC v.1943 64 bit (AMD64)]" os-version="11" platform="Windows" cwd="c:\Users\jerio\RiderProjects\fractalstat" machine-name="AMD64" user="" user-domain="" culture="en_US" uiculture="en_US" os-architecture="64bit" /></test-suite><test-suite id="tests/test_exp12_benchmark_comparison.py::TestBenchmarkSystems" name="tests/test_exp12_benchmark_comparison.py::TestBenchmarkSystems" fullname="tests/test_exp12_benchmark_comparison.py::TestBenchmarkSystems" methodname="" classname="" runstate="Runnable" type="Assembly" testcasecount="0" result="Passed" label="Tests for individual benchmark system implementations." start-time="0001-01-01 00:00:00.000000" end-time="0001-01-01 00:00:00.000000" duration="0.0" asserts="0" total="0" passed="0" failed="0" warnings="0" inconclusive="0" skipped="0"><properties><property name="python_version" value="3.12.10 (tags/v3.12.10:0cc8128, Apr  8 2025, 12:21:36) [MSC v.1943 64 bit (AMD64)]" /></properties><environment framework-version="3.6.2" clr-version="3.12.10 (tags/v3.12.10:0cc8128, Apr  8 2025, 12:21:36) [MSC v.1943 64 bit (AMD64)]" os-version="11" platform="Windows" cwd="c:\Users\jerio\RiderProjects\fractalstat" machine-name="AMD64" user="" user-domain="" culture="en_US" uiculture="en_US" os-architecture="64bit" /></test-suite><test-suite id="tests/test_fractalstat_experiments_extended.py::TestEXP02RetrievalEfficiency" name="tests/test_fractalstat_experiments_extended.py::TestEXP02RetrievalEfficiency" fullname="tests/test_fractalstat_experiments_extended.py::TestEXP02RetrievalEfficiency" methodname="" classname="" runstate="Runnable" type="Assembly" testcasecount="0" result="Passed" label="Tests for EXP-02 retrieval efficiency experiment." start-time="0001-01-01 00:00:00.000000" end-time="0001-01-01 00:00:00.000000" duration="0.0" asserts="0" total="0" passed="0" failed="0" warnings="0" inconclusive="0" skipped="0"><properties><property name="python_version" value="3.12.10 (tags/v3.12.10:0cc8128, Apr  8 2025, 12:21:36) [MSC v.1943 64 bit (AMD64)]" /></properties><environment framework-version="3.6.2" clr-version="3.12.10 (tags/v3.12.10:0cc8128, Apr  8 2025, 12:21:36) [MSC v.1943 64 bit (AMD64)]" os-version="11" platform="Windows" cwd="c:\Users\jerio\RiderProjects\fractalstat" machine-name="AMD64" user="" user-domain="" culture="en_US" uiculture="en_US" os-architecture="64bit" /></test-suite><test-suite id="tests/test_exp05_compression_expansion.py::TestBitChainCompressionPath" name="tests/test_exp05_compression_expansion.py::TestBitChainCompressionPath" fullname="tests/test_exp05_compression_expansion.py::TestBitChainCompressionPath" methodname="" classname="" runstate="Runnable" type="Assembly" testcasecount="0" result="Passed" label="Test BitChainCompressionPath tracking." start-time="0001-01-01 00:00:00.000000" end-time="0001-01-01 00:00:00.000000" duration="0.0" asserts="0" total="0" passed="0" failed="0" warnings="0" inconclusive="0" skipped="0"><properties><property name="python_version" value="3.12.10 (tags/v3.12.10:0cc8128, Apr  8 2025, 12:21:36) [MSC v.1943 64 bit (AMD64)]" /></properties><environment framework-version="3.6.2" clr-version="3.12.10 (tags/v3.12.10:0cc8128, Apr  8 2025, 12:21:36) [MSC v.1943 64 bit (AMD64)]" os-version="11" platform="Windows" cwd="c:\Users\jerio\RiderProjects\fractalstat" machine-name="AMD64" user="" user-domain="" culture="en_US" uiculture="en_US" os-architecture="64bit" /></test-suite><test-suite id="tests/test_fractalstat_experiments.py::TestEXP01AddressUniqueness" name="tests/test_fractalstat_experiments.py::TestEXP01AddressUniqueness" fullname="tests/test_fractalstat_experiments.py::TestEXP01AddressUniqueness" methodname="" classname="" runstate="Runnable" type="Assembly" testcasecount="0" result="Passed" label="Test EXP-01 address uniqueness." start-time="0001-01-01 00:00:00.000000" end-time="0001-01-01 00:00:00.000000" duration="0.0" asserts="0" total="0" passed="0" failed="0" warnings="0" inconclusive="0" skipped="0"><properties><property name="python_version" value="3.12.10 (tags/v3.12.10:0cc8128, Apr  8 2025, 12:21:36) [MSC v.1943 64 bit (AMD64)]" /></properties><environment framework-version="3.6.2" clr-version="3.12.10 (tags/v3.12.10:0cc8128, Apr  8 2025, 12:21:36) [MSC v.1943 64 bit (AMD64)]" os-version="11" platform="Windows" cwd="c:\Users\jerio\RiderProjects\fractalstat" machine-name="AMD64" user="" user-domain="" culture="en_US" uiculture="en_US" os-architecture="64bit" /></test-suite><test-suite id="tests/test_exp06_entanglement_detection.py::TestPolarityVector" name="tests/test_exp06_entanglement_detection.py::TestPolarityVector" fullname="tests/test_exp06_entanglement_detection.py::TestPolarityVector" methodname="" classname="" runstate="Runnable" type="Assembly" testcasecount="0" result="Passed" label="Test polarity vector computation." start-time="0001-01-01 00:00:00.000000" end-time="0001-01-01 00:00:00.000000" duration="0.0" asserts="0" total="0" passed="0" failed="0" warnings="0" inconclusive="0" skipped="0"><properties><property name="python_version" value="3.12.10 (tags/v3.12.10:0cc8128, Apr  8 2025, 12:21:36) [MSC v.1943 64 bit (AMD64)]" /></properties><environment framework-version="3.6.2" clr-version="3.12.10 (tags/v3.12.10:0cc8128, Apr  8 2025, 12:21:36) [MSC v.1943 64 bit (AMD64)]" os-version="11" platform="Windows" cwd="c:\Users\jerio\RiderProjects\fractalstat" machine-name="AMD64" user="" user-domain="" culture="en_US" uiculture="en_US" os-architecture="64bit" /></test-suite><test-suite id="tests/test_fractalstat_experiments.py::TestSortJsonKeys" name="tests/test_fractalstat_experiments.py::TestSortJsonKeys" fullname="tests/test_fractalstat_experiments.py::TestSortJsonKeys" methodname="" classname="" runstate="Runnable" type="Assembly" testcasecount="0" result="Passed" label="Test sort_json_keys function." start-time="0001-01-01 00:00:00.000000" end-time="0001-01-01 00:00:00.000000" duration="0.0" asserts="0" total="0" passed="0" failed="0" warnings="0" inconclusive="0" skipped="0"><properties><property name="python_version" value="3.12.10 (tags/v3.12.10:0cc8128, Apr  8 2025, 12:21:36) [MSC v.1943 64 bit (AMD64)]" /></properties><environment framework-version="3.6.2" clr-version="3.12.10 (tags/v3.12.10:0cc8128, Apr  8 2025, 12:21:36) [MSC v.1943 64 bit (AMD64)]" os-version="11" platform="Windows" cwd="c:\Users\jerio\RiderProjects\fractalstat" machine-name="AMD64" user="" user-domain="" culture="en_US" uiculture="en_US" os-architecture="64bit" /></test-suite><test-suite id="tests/test_exp04_fractal_scaling.py::TestFractalScalingResults" name="tests/test_exp04_fractal_scaling.py::TestFractalScalingResults" fullname="tests/test_exp04_fractal_scaling.py::TestFractalScalingResults" methodname="" classname="" runstate="Runnable" type="Assembly" testcasecount="0" result="Passed" label="Test FractalScalingResults aggregation." start-time="0001-01-01 00:00:00.000000" end-time="0001-01-01 00:00:00.000000" duration="0.0" asserts="0" total="0" passed="0" failed="0" warnings="0" inconclusive="0" skipped="0"><properties><property name="python_version" value="3.12.10 (tags/v3.12.10:0cc8128, Apr  8 2025, 12:21:36) [MSC v.1943 64 bit (AMD64)]" /></properties><environment framework-version="3.6.2" clr-version="3.12.10 (tags/v3.12.10:0cc8128, Apr  8 2025, 12:21:36) [MSC v.1943 64 bit (AMD64)]" os-version="11" platform="Windows" cwd="c:\Users\jerio\RiderProjects\fractalstat" machine-name="AMD64" user="" user-domain="" culture="en_US" uiculture="en_US" os-architecture="64bit" /></test-suite><test-suite id="tests/test_exp03_coordinate_entropy.py::TestEdgeCases" name="tests/test_exp03_coordinate_entropy.py::TestEdgeCases" fullname="tests/test_exp03_coordinate_entropy.py::TestEdgeCases" methodname="" classname="" runstate="Runnable" type="Assembly" testcasecount="0" result="Passed" label="Test edge cases and error handling." start-time="0001-01-01 00:00:00.000000" end-time="0001-01-01 00:00:00.000000" duration="0.0" asserts="0" total="0" passed="0" failed="0" warnings="0" inconclusive="0" skipped="0"><properties><property name="python_version" value="3.12.10 (tags/v3.12.10:0cc8128, Apr  8 2025, 12:21:36) [MSC v.1943 64 bit (AMD64)]" /></properties><environment framework-version="3.6.2" clr-version="3.12.10 (tags/v3.12.10:0cc8128, Apr  8 2025, 12:21:36) [MSC v.1943 64 bit (AMD64)]" os-version="11" platform="Windows" cwd="c:\Users\jerio\RiderProjects\fractalstat" machine-name="AMD64" user="" user-domain="" culture="en_US" uiculture="en_US" os-architecture="64bit" /></test-suite><test-suite id="tests/test_fractalstat_experiments_extended.py::TestEXP03Result" name="tests/test_fractalstat_experiments_extended.py::TestEXP03Result" fullname="tests/test_fractalstat_experiments_extended.py::TestEXP03Result" methodname="" classname="" runstate="Runnable" type="Assembly" testcasecount="0" result="Passed" label="Tests for EXP-03 result data structure." start-time="0001-01-01 00:00:00.000000" end-time="0001-01-01 00:00:00.000000" duration="0.0" asserts="0" total="0" passed="0" failed="0" warnings="0" inconclusive="0" skipped="0"><properties><property name="python_version" value="3.12.10 (tags/v3.12.10:0cc8128, Apr  8 2025, 12:21:36) [MSC v.1943 64 bit (AMD64)]" /></properties><environment framework-version="3.6.2" clr-version="3.12.10 (tags/v3.12.10:0cc8128, Apr  8 2025, 12:21:36) [MSC v.1943 64 bit (AMD64)]" os-version="11" platform="Windows" cwd="c:\Users\jerio\RiderProjects\fractalstat" machine-name="AMD64" user="" user-domain="" culture="en_US" uiculture="en_US" os-architecture="64bit" /></test-suite><test-suite id="tests/test_exp04_fractal_scaling.py::TestScaleTestConfig" name="tests/test_exp04_fractal_scaling.py::TestScaleTestConfig" fullname="tests/test_exp04_fractal_scaling.py::TestScaleTestConfig" methodname="" classname="" runstate="Runnable" type="Assembly" testcasecount="0" result="Passed" label="Test ScaleTestConfig for fractal scaling." start-time="0001-01-01 00:00:00.000000" end-time="0001-01-01 00:00:00.000000" duration="0.0" asserts="0" total="0" passed="0" failed="0" warnings="0" inconclusive="0" skipped="0"><properties><property name="python_version" value="3.12.10 (tags/v3.12.10:0cc8128, Apr  8 2025, 12:21:36) [MSC v.1943 64 bit (AMD64)]" /></properties><environment framework-version="3.6.2" clr-version="3.12.10 (tags/v3.12.10:0cc8128, Apr  8 2025, 12:21:36) [MSC v.1943 64 bit (AMD64)]" os-version="11" platform="Windows" cwd="c:\Users\jerio\RiderProjects\fractalstat" machine-name="AMD64" user="" user-domain="" culture="en_US" uiculture="en_US" os-architecture="64bit" /></test-suite><test-suite id="tests/test_exp03_coordinate_entropy.py::TestEXP03Result" name="tests/test_exp03_coordinate_entropy.py::TestEXP03Result" fullname="tests/test_exp03_coordinate_entropy.py::TestEXP03Result" methodname="" classname="" runstate="Runnable" type="Assembly" testcasecount="0" result="Passed" label="Test EXP03_Result data structure." start-time="0001-01-01 00:00:00.000000" end-time="0001-01-01 00:00:00.000000" duration="0.0" asserts="0" total="0" passed="0" failed="0" warnings="0" inconclusive="0" skipped="0"><properties><property name="python_version" value="3.12.10 (tags/v3.12.10:0cc8128, Apr  8 2025, 12:21:36) [MSC v.1943 64 bit (AMD64)]" /></properties><environment framework-version="3.6.2" clr-version="3.12.10 (tags/v3.12.10:0cc8128, Apr  8 2025, 12:21:36) [MSC v.1943 64 bit (AMD64)]" os-version="11" platform="Windows" cwd="c:\Users\jerio\RiderProjects\fractalstat" machine-name="AMD64" user="" user-domain="" culture="en_US" uiculture="en_US" os-architecture="64bit" /></test-suite><test-suite id="tests/test_exp03_coordinate_entropy.py::TestMainEntryPoint" name="tests/test_exp03_coordinate_entropy.py::TestMainEntryPoint" fullname="tests/test_exp03_coordinate_entropy.py::TestMainEntryPoint" methodname="" classname="" runstate="Runnable" type="Assembly" testcasecount="0" result="Passed" label="Test main entry point execution." start-time="0001-01-01 00:00:00.000000" end-time="0001-01-01 00:00:00.000000" duration="0.0" asserts="0" total="0" passed="0" failed="0" warnings="0" inconclusive="0" skipped="0"><properties><property name="python_version" value="3.12.10 (tags/v3.12.10:0cc8128, Apr  8 2025, 12:21:36) [MSC v.1943 64 bit (AMD64)]" /></properties><environment framework-version="3.6.2" clr-version="3.12.10 (tags/v3.12.10:0cc8128, Apr  8 2025, 12:21:36) [MSC v.1943 64 bit (AMD64)]" os-version="11" platform="Windows" cwd="c:\Users\jerio\RiderProjects\fractalstat" machine-name="AMD64" user="" user-domain="" culture="en_US" uiculture="en_US" os-architecture="64bit" /></test-suite><test-suite id="tests/test_exp12_benchmark_comparison.py::TestBenchmarkComparisonExperiment" name="tests/test_exp12_benchmark_comparison.py::TestBenchmarkComparisonExperiment" fullname="tests/test_exp12_benchmark_comparison.py::TestBenchmarkComparisonExperiment" methodname="" classname="" runstate="Runnable" type="Assembly" testcasecount="0" result="Passed" label="Tests for BenchmarkComparisonExperiment class." start-time="0001-01-01 00:00:00.000000" end-time="0001-01-01 00:00:00.000000" duration="0.0" asserts="0" total="0" passed="0" failed="0" warnings="0" inconclusive="0" skipped="0"><properties><property name="python_version" value="3.12.10 (tags/v3.12.10:0cc8128, Apr  8 2025, 12:21:36) [MSC v.1943 64 bit (AMD64)]" /></properties><environment framework-version="3.6.2" clr-version="3.12.10 (tags/v3.12.10:0cc8128, Apr  8 2025, 12:21:36) [MSC v.1943 64 bit (AMD64)]" os-version="11" platform="Windows" cwd="c:\Users\jerio\RiderProjects\fractalstat" machine-name="AMD64" user="" user-domain="" culture="en_US" uiculture="en_US" os-architecture="64bit" /></test-suite><test-suite id="tests/test_fractalstat_experiments_extended.py::TestEXP03DimensionNecessity" name="tests/test_fractalstat_experiments_extended.py::TestEXP03DimensionNecessity" fullname="tests/test_fractalstat_experiments_extended.py::TestEXP03DimensionNecessity" methodname="" classname="" runstate="Runnable" type="Assembly" testcasecount="0" result="Passed" label="Tests for EXP-03 dimension necessity experiment." start-time="0001-01-01 00:00:00.000000" end-time="0001-01-01 00:00:00.000000" duration="0.0" asserts="0" total="0" passed="0" failed="0" warnings="0" inconclusive="0" skipped="0"><properties><property name="python_version" value="3.12.10 (tags/v3.12.10:0cc8128, Apr  8 2025, 12:21:36) [MSC v.1943 64 bit (AMD64)]" /></properties><environment framework-version="3.6.2" clr-version="3.12.10 (tags/v3.12.10:0cc8128, Apr  8 2025, 12:21:36) [MSC v.1943 64 bit (AMD64)]" os-version="11" platform="Windows" cwd="c:\Users\jerio\RiderProjects\fractalstat" machine-name="AMD64" user="" user-domain="" culture="en_US" uiculture="en_US" os-architecture="64bit" /></test-suite><test-suite id="tests/test_exp07_extended.py::TestExp07Extended" name="tests/test_exp07_extended.py::TestExp07Extended" fullname="tests/test_exp07_extended.py::TestExp07Extended" methodname="" classname="" runstate="Runnable" type="Assembly" testcasecount="0" result="Passed" label="Extended tests for LUCA bootstrap experiment." start-time="0001-01-01 00:00:00.000000" end-time="0001-01-01 00:00:00.000000" duration="0.0" asserts="0" total="0" passed="0" failed="0" warnings="0" inconclusive="0" skipped="0"><properties><property name="python_version" value="3.12.10 (tags/v3.12.10:0cc8128, Apr  8 2025, 12:21:36) [MSC v.1943 64 bit (AMD64)]" /></properties><environment framework-version="3.6.2" clr-version="3.12.10 (tags/v3.12.10:0cc8128, Apr  8 2025, 12:21:36) [MSC v.1943 64 bit (AMD64)]" os-version="11" platform="Windows" cwd="c:\Users\jerio\RiderProjects\fractalstat" machine-name="AMD64" user="" user-domain="" culture="en_US" uiculture="en_US" os-architecture="64bit" /></test-suite><test-suite id="tests/test_config_feature_flags.py::TestConfigIntegration" name="tests/test_config_feature_flags.py::TestConfigIntegration" fullname="tests/test_config_feature_flags.py::TestConfigIntegration" methodname="" classname="" runstate="Runnable" type="Assembly" testcasecount="0" result="Passed" label="Integration tests for config system." start-time="0001-01-01 00:00:00.000000" end-time="0001-01-01 00:00:00.000000" duration="0.0" asserts="0" total="0" passed="0" failed="0" warnings="0" inconclusive="0" skipped="0"><properties><property name="python_version" value="3.12.10 (tags/v3.12.10:0cc8128, Apr  8 2025, 12:21:36) [MSC v.1943 64 bit (AMD64)]" /></properties><environment framework-version="3.6.2" clr-version="3.12.10 (tags/v3.12.10:0cc8128, Apr  8 2025, 12:21:36) [MSC v.1943 64 bit (AMD64)]" os-version="11" platform="Windows" cwd="c:\Users\jerio\RiderProjects\fractalstat" machine-name="AMD64" user="" user-domain="" culture="en_US" uiculture="en_US" os-architecture="64bit" /></test-suite><test-suite id="tests/test_exp03_coordinate_entropy.py::TestVisualizationData" name="tests/test_exp03_coordinate_entropy.py::TestVisualizationData" fullname="tests/test_exp03_coordinate_entropy.py::TestVisualizationData" methodname="" classname="" runstate="Runnable" type="Assembly" testcasecount="0" result="Passed" label="Test visualization data generation." start-time="0001-01-01 00:00:00.000000" end-time="0001-01-01 00:00:00.000000" duration="0.0" asserts="0" total="0" passed="0" failed="0" warnings="0" inconclusive="0" skipped="0"><properties><property name="python_version" value="3.12.10 (tags/v3.12.10:0cc8128, Apr  8 2025, 12:21:36) [MSC v.1943 64 bit (AMD64)]" /></properties><environment framework-version="3.6.2" clr-version="3.12.10 (tags/v3.12.10:0cc8128, Apr  8 2025, 12:21:36) [MSC v.1943 64 bit (AMD64)]" os-version="11" platform="Windows" cwd="c:\Users\jerio\RiderProjects\fractalstat" machine-name="AMD64" user="" user-domain="" culture="en_US" uiculture="en_US" os-architecture="64bit" /></test-suite><test-suite id="tests/test_fractalstat_experiments.py::TestEXP03DimensionNecessity" name="tests/test_fractalstat_experiments.py::TestEXP03DimensionNecessity" fullname="tests/test_fractalstat_experiments.py::TestEXP03DimensionNecessity" methodname="" classname="" runstate="Runnable" type="Assembly" testcasecount="0" result="Passed" label="Test EXP-03 coordinate entropy." start-time="0001-01-01 00:00:00.000000" end-time="0001-01-01 00:00:00.000000" duration="0.0" asserts="0" total="0" passed="0" failed="0" warnings="0" inconclusive="0" skipped="0"><properties><property name="python_version" value="3.12.10 (tags/v3.12.10:0cc8128, Apr  8 2025, 12:21:36) [MSC v.1943 64 bit (AMD64)]" /></properties><environment framework-version="3.6.2" clr-version="3.12.10 (tags/v3.12.10:0cc8128, Apr  8 2025, 12:21:36) [MSC v.1943 64 bit (AMD64)]" os-version="11" platform="Windows" cwd="c:\Users\jerio\RiderProjects\fractalstat" machine-name="AMD64" user="" user-domain="" culture="en_US" uiculture="en_US" os-architecture="64bit" /></test-suite><test-suite id="tests/test_exp05_compression_expansion.py::TestCompressionStage" name="tests/test_exp05_compression_expansion.py::TestCompressionStage" fullname="tests/test_exp05_compression_expansion.py::TestCompressionStage" methodname="" classname="" runstate="Runnable" type="Assembly" testcasecount="0" result="Passed" label="Test CompressionStage data structure." start-time="0001-01-01 00:00:00.000000" end-time="0001-01-01 00:00:00.000000" duration="0.0" asserts="0" total="0" passed="0" failed="0" warnings="0" inconclusive="0" skipped="0"><properties><property name="python_version" value="3.12.10 (tags/v3.12.10:0cc8128, Apr  8 2025, 12:21:36) [MSC v.1943 64 bit (AMD64)]" /></properties><environment framework-version="3.6.2" clr-version="3.12.10 (tags/v3.12.10:0cc8128, Apr  8 2025, 12:21:36) [MSC v.1943 64 bit (AMD64)]" os-version="11" platform="Windows" cwd="c:\Users\jerio\RiderProjects\fractalstat" machine-name="AMD64" user="" user-domain="" culture="en_US" uiculture="en_US" os-architecture="64bit" /></test-suite><test-suite id="tests/test_fractalstat_experiments.py::TestComputeAddressHash" name="tests/test_fractalstat_experiments.py::TestComputeAddressHash" fullname="tests/test_fractalstat_experiments.py::TestComputeAddressHash" methodname="" classname="" runstate="Runnable" type="Assembly" testcasecount="0" result="Passed" label="Test address hash computation." start-time="0001-01-01 00:00:00.000000" end-time="0001-01-01 00:00:00.000000" duration="0.0" asserts="0" total="0" passed="0" failed="0" warnings="0" inconclusive="0" skipped="0"><properties><property name="python_version" value="3.12.10 (tags/v3.12.10:0cc8128, Apr  8 2025, 12:21:36) [MSC v.1943 64 bit (AMD64)]" /></properties><environment framework-version="3.6.2" clr-version="3.12.10 (tags/v3.12.10:0cc8128, Apr  8 2025, 12:21:36) [MSC v.1943 64 bit (AMD64)]" os-version="11" platform="Windows" cwd="c:\Users\jerio\RiderProjects\fractalstat" machine-name="AMD64" user="" user-domain="" culture="en_US" uiculture="en_US" os-architecture="64bit" /></test-suite><test-suite id="tests/test_exp06_entanglement_detection.py::TestAdjacencyOverlap" name="tests/test_exp06_entanglement_detection.py::TestAdjacencyOverlap" fullname="tests/test_exp06_entanglement_detection.py::TestAdjacencyOverlap" methodname="" classname="" runstate="Runnable" type="Assembly" testcasecount="0" result="Passed" label="Test adjacency overlap (Jaccard similarity)." start-time="0001-01-01 00:00:00.000000" end-time="0001-01-01 00:00:00.000000" duration="0.0" asserts="0" total="0" passed="0" failed="0" warnings="0" inconclusive="0" skipped="0"><properties><property name="python_version" value="3.12.10 (tags/v3.12.10:0cc8128, Apr  8 2025, 12:21:36) [MSC v.1943 64 bit (AMD64)]" /></properties><environment framework-version="3.6.2" clr-version="3.12.10 (tags/v3.12.10:0cc8128, Apr  8 2025, 12:21:36) [MSC v.1943 64 bit (AMD64)]" os-version="11" platform="Windows" cwd="c:\Users\jerio\RiderProjects\fractalstat" machine-name="AMD64" user="" user-domain="" culture="en_US" uiculture="en_US" os-architecture="64bit" /></test-suite><test-suite id="tests/test_exp07_luca_bootstrap.py::TestTestBitChain" name="tests/test_exp07_luca_bootstrap.py::TestTestBitChain" fullname="tests/test_exp07_luca_bootstrap.py::TestTestBitChain" methodname="" classname="" runstate="Runnable" type="Assembly" testcasecount="0" result="Passed" label="Test TestBitChain entity for LUCA testing." start-time="0001-01-01 00:00:00.000000" end-time="0001-01-01 00:00:00.000000" duration="0.0" asserts="0" total="0" passed="0" failed="0" warnings="0" inconclusive="0" skipped="0"><properties><property name="python_version" value="3.12.10 (tags/v3.12.10:0cc8128, Apr  8 2025, 12:21:36) [MSC v.1943 64 bit (AMD64)]" /></properties><environment framework-version="3.6.2" clr-version="3.12.10 (tags/v3.12.10:0cc8128, Apr  8 2025, 12:21:36) [MSC v.1943 64 bit (AMD64)]" os-version="11" platform="Windows" cwd="c:\Users\jerio\RiderProjects\fractalstat" machine-name="AMD64" user="" user-domain="" culture="en_US" uiculture="en_US" os-architecture="64bit" /></test-suite><test-suite id="tests/test_exp03_coordinate_entropy.py::TestPlotEntropyContributions" name="tests/test_exp03_coordinate_entropy.py::TestPlotEntropyContributions" fullname="tests/test_exp03_coordinate_entropy.py::TestPlotEntropyContributions" methodname="" classname="" runstate="Runnable" type="Assembly" testcasecount="0" result="Passed" label="Test entropy contribution plotting." start-time="0001-01-01 00:00:00.000000" end-time="0001-01-01 00:00:00.000000" duration="0.0" asserts="0" total="0" passed="0" failed="0" warnings="0" inconclusive="0" skipped="0"><properties><property name="python_version" value="3.12.10 (tags/v3.12.10:0cc8128, Apr  8 2025, 12:21:36) [MSC v.1943 64 bit (AMD64)]" /></properties><environment framework-version="3.6.2" clr-version="3.12.10 (tags/v3.12.10:0cc8128, Apr  8 2025, 12:21:36) [MSC v.1943 64 bit (AMD64)]" os-version="11" platform="Windows" cwd="c:\Users\jerio\RiderProjects\fractalstat" machine-name="AMD64" user="" user-domain="" culture="en_US" uiculture="en_US" os-architecture="64bit" /></test-suite><test-suite id="tests/test_exp03_coordinate_entropy.py::TestShannonEntropy" name="tests/test_exp03_coordinate_entropy.py::TestShannonEntropy" fullname="tests/test_exp03_coordinate_entropy.py::TestShannonEntropy" methodname="" classname="" runstate="Runnable" type="Assembly" testcasecount="0" result="Passed" label="Test Shannon entropy calculation." start-time="0001-01-01 00:00:00.000000" end-time="0001-01-01 00:00:00.000000" duration="0.0" asserts="0" total="0" passed="0" failed="0" warnings="0" inconclusive="0" skipped="0"><properties><property name="python_version" value="3.12.10 (tags/v3.12.10:0cc8128, Apr  8 2025, 12:21:36) [MSC v.1943 64 bit (AMD64)]" /></properties><environment framework-version="3.6.2" clr-version="3.12.10 (tags/v3.12.10:0cc8128, Apr  8 2025, 12:21:36) [MSC v.1943 64 bit (AMD64)]" os-version="11" platform="Windows" cwd="c:\Users\jerio\RiderProjects\fractalstat" machine-name="AMD64" user="" user-domain="" culture="en_US" uiculture="en_US" os-architecture="64bit" /></test-suite><test-suite id="tests/test_exp05_compression_expansion.py::TestCompressionPipeline" name="tests/test_exp05_compression_expansion.py::TestCompressionPipeline" fullname="tests/test_exp05_compression_expansion.py::TestCompressionPipeline" methodname="" classname="" runstate="Runnable" type="Assembly" testcasecount="0" result="Passed" label="Test compression pipeline simulation." start-time="0001-01-01 00:00:00.000000" end-time="0001-01-01 00:00:00.000000" duration="0.0" asserts="0" total="0" passed="0" failed="0" warnings="0" inconclusive="0" skipped="0"><properties><property name="python_version" value="3.12.10 (tags/v3.12.10:0cc8128, Apr  8 2025, 12:21:36) [MSC v.1943 64 bit (AMD64)]" /></properties><environment framework-version="3.6.2" clr-version="3.12.10 (tags/v3.12.10:0cc8128, Apr  8 2025, 12:21:36) [MSC v.1943 64 bit (AMD64)]" os-version="11" platform="Windows" cwd="c:\Users\jerio\RiderProjects\fractalstat" machine-name="AMD64" user="" user-domain="" culture="en_US" uiculture="en_US" os-architecture="64bit" /></test-suite><test-suite id="tests/test_exp05_extended.py::TestExp05ExceptionHandling" name="tests/test_exp05_extended.py::TestExp05ExceptionHandling" fullname="tests/test_exp05_extended.py::TestExp05ExceptionHandling" methodname="" classname="" runstate="Runnable" type="Assembly" testcasecount="0" result="Passed" label="Tests for exception handling paths in exp05." start-time="0001-01-01 00:00:00.000000" end-time="0001-01-01 00:00:00.000000" duration="0.0" asserts="0" total="0" passed="0" failed="0" warnings="0" inconclusive="0" skipped="0"><properties><property name="python_version" value="3.12.10 (tags/v3.12.10:0cc8128, Apr  8 2025, 12:21:36) [MSC v.1943 64 bit (AMD64)]" /></properties><environment framework-version="3.6.2" clr-version="3.12.10 (tags/v3.12.10:0cc8128, Apr  8 2025, 12:21:36) [MSC v.1943 64 bit (AMD64)]" os-version="11" platform="Windows" cwd="c:\Users\jerio\RiderProjects\fractalstat" machine-name="AMD64" user="" user-domain="" culture="en_US" uiculture="en_US" os-architecture="64bit" /></test-suite><test-suite id="tests/test_fractalstat_experiments.py::TestCanonicalSerializeEdgeCases" name="tests/test_fractalstat_experiments.py::TestCanonicalSerializeEdgeCases" fullname="tests/test_fractalstat_experiments.py::TestCanonicalSerializeEdgeCases" methodname="" classname="" runstate="Runnable" type="Assembly" testcasecount="0" result="Passed" label="Test canonical_serialize edge cases." start-time="0001-01-01 00:00:00.000000" end-time="0001-01-01 00:00:00.000000" duration="0.0" asserts="0" total="0" passed="0" failed="0" warnings="0" inconclusive="0" skipped="0"><properties><property name="python_version" value="3.12.10 (tags/v3.12.10:0cc8128, Apr  8 2025, 12:21:36) [MSC v.1943 64 bit (AMD64)]" /></properties><environment framework-version="3.6.2" clr-version="3.12.10 (tags/v3.12.10:0cc8128, Apr  8 2025, 12:21:36) [MSC v.1943 64 bit (AMD64)]" os-version="11" platform="Windows" cwd="c:\Users\jerio\RiderProjects\fractalstat" machine-name="AMD64" user="" user-domain="" culture="en_US" uiculture="en_US" os-architecture="64bit" /></test-suite><test-suite id="tests/test_exp03_coordinate_entropy.py::TestEXP03CoordinateEntropy" name="tests/test_exp03_coordinate_entropy.py::TestEXP03CoordinateEntropy" fullname="tests/test_exp03_coordinate_entropy.py::TestEXP03CoordinateEntropy" methodname="" classname="" runstate="Runnable" type="Assembly" testcasecount="0" result="Passed" label="Test EXP03_CoordinateEntropy experiment class." start-time="0001-01-01 00:00:00.000000" end-time="0001-01-01 00:00:00.000000" duration="0.0" asserts="0" total="0" passed="0" failed="0" warnings="0" inconclusive="0" skipped="0"><properties><property name="python_version" value="3.12.10 (tags/v3.12.10:0cc8128, Apr  8 2025, 12:21:36) [MSC v.1943 64 bit (AMD64)]" /></properties><environment framework-version="3.6.2" clr-version="3.12.10 (tags/v3.12.10:0cc8128, Apr  8 2025, 12:21:36) [MSC v.1943 64 bit (AMD64)]" os-version="11" platform="Windows" cwd="c:\Users\jerio\RiderProjects\fractalstat" machine-name="AMD64" user="" user-domain="" culture="en_US" uiculture="en_US" os-architecture="64bit" /></test-suite><test-suite id="tests/test_exp02_retrieval_efficiency.py::TestPerformanceCharacteristics" name="tests/test_exp02_retrieval_efficiency.py::TestPerformanceCharacteristics" fullname="tests/test_exp02_retrieval_efficiency.py::TestPerformanceCharacteristics" methodname="" classname="" runstate="Runnable" type="Assembly" testcasecount="0" result="Passed" label="Test performance characteristics and scaling." start-time="0001-01-01 00:00:00.000000" end-time="0001-01-01 00:00:00.000000" duration="0.0" asserts="0" total="0" passed="0" failed="0" warnings="0" inconclusive="0" skipped="0"><properties><property name="python_version" value="3.12.10 (tags/v3.12.10:0cc8128, Apr  8 2025, 12:21:36) [MSC v.1943 64 bit (AMD64)]" /></properties><environment framework-version="3.6.2" clr-version="3.12.10 (tags/v3.12.10:0cc8128, Apr  8 2025, 12:21:36) [MSC v.1943 64 bit (AMD64)]" os-version="11" platform="Windows" cwd="c:\Users\jerio\RiderProjects\fractalstat" machine-name="AMD64" user="" user-domain="" culture="en_US" uiculture="en_US" os-architecture="64bit" /></test-suite><test-suite id="tests/test_exp07_luca_bootstrap.py::TestLUCABootstrapTester" name="tests/test_exp07_luca_bootstrap.py::TestLUCABootstrapTester" fullname="tests/test_exp07_luca_bootstrap.py::TestLUCABootstrapTester" methodname="" classname="" runstate="Runnable" type="Assembly" testcasecount="0" result="Passed" label="Test LUCA bootstrap tester." start-time="0001-01-01 00:00:00.000000" end-time="0001-01-01 00:00:00.000000" duration="0.0" asserts="0" total="0" passed="0" failed="0" warnings="0" inconclusive="0" skipped="0"><properties><property name="python_version" value="3.12.10 (tags/v3.12.10:0cc8128, Apr  8 2025, 12:21:36) [MSC v.1943 64 bit (AMD64)]" /></properties><environment framework-version="3.6.2" clr-version="3.12.10 (tags/v3.12.10:0cc8128, Apr  8 2025, 12:21:36) [MSC v.1943 64 bit (AMD64)]" os-version="11" platform="Windows" cwd="c:\Users\jerio\RiderProjects\fractalstat" machine-name="AMD64" user="" user-domain="" culture="en_US" uiculture="en_US" os-architecture="64bit" /></test-suite><test-suite id="tests/test_exp05_compression_expansion.py::TestLuminosityDecay" name="tests/test_exp05_compression_expansion.py::TestLuminosityDecay" fullname="tests/test_exp05_compression_expansion.py::TestLuminosityDecay" methodname="" classname="" runstate="Runnable" type="Assembly" testcasecount="0" result="Passed" label="Test luminosity decay through compression stages." start-time="0001-01-01 00:00:00.000000" end-time="0001-01-01 00:00:00.000000" duration="0.0" asserts="0" total="0" passed="0" failed="0" warnings="0" inconclusive="0" skipped="0"><properties><property name="python_version" value="3.12.10 (tags/v3.12.10:0cc8128, Apr  8 2025, 12:21:36) [MSC v.1943 64 bit (AMD64)]" /></properties><environment framework-version="3.6.2" clr-version="3.12.10 (tags/v3.12.10:0cc8128, Apr  8 2025, 12:21:36) [MSC v.1943 64 bit (AMD64)]" os-version="11" platform="Windows" cwd="c:\Users\jerio\RiderProjects\fractalstat" machine-name="AMD64" user="" user-domain="" culture="en_US" uiculture="en_US" os-architecture="64bit" /></test-suite><test-suite id="tests/test_exp06_entanglement_detection.py::TestPolarityResonance" name="tests/test_exp06_entanglement_detection.py::TestPolarityResonance" fullname="tests/test_exp06_entanglement_detection.py::TestPolarityResonance" methodname="" classname="" runstate="Runnable" type="Assembly" testcasecount="0" result="Passed" label="Test polarity resonance scoring." start-time="0001-01-01 00:00:00.000000" end-time="0001-01-01 00:00:00.000000" duration="0.0" asserts="0" total="0" passed="0" failed="0" warnings="0" inconclusive="0" skipped="0"><properties><property name="python_version" value="3.12.10 (tags/v3.12.10:0cc8128, Apr  8 2025, 12:21:36) [MSC v.1943 64 bit (AMD64)]" /></properties><environment framework-version="3.6.2" clr-version="3.12.10 (tags/v3.12.10:0cc8128, Apr  8 2025, 12:21:36) [MSC v.1943 64 bit (AMD64)]" os-version="11" platform="Windows" cwd="c:\Users\jerio\RiderProjects\fractalstat" machine-name="AMD64" user="" user-domain="" culture="en_US" uiculture="en_US" os-architecture="64bit" /></test-suite><test-suite id="tests/test_fractalstat_experiments.py::TestCanonicalSerialization" name="tests/test_fractalstat_experiments.py::TestCanonicalSerialization" fullname="tests/test_fractalstat_experiments.py::TestCanonicalSerialization" methodname="" classname="" runstate="Runnable" type="Assembly" testcasecount="0" result="Passed" label="Test canonical serialization." start-time="0001-01-01 00:00:00.000000" end-time="0001-01-01 00:00:00.000000" duration="0.0" asserts="0" total="0" passed="0" failed="0" warnings="0" inconclusive="0" skipped="0"><properties><property name="python_version" value="3.12.10 (tags/v3.12.10:0cc8128, Apr  8 2025, 12:21:36) [MSC v.1943 64 bit (AMD64)]" /></properties><environment framework-version="3.6.2" clr-version="3.12.10 (tags/v3.12.10:0cc8128, Apr  8 2025, 12:21:36) [MSC v.1943 64 bit (AMD64)]" os-version="11" platform="Windows" cwd="c:\Users\jerio\RiderProjects\fractalstat" machine-name="AMD64" user="" user-domain="" culture="en_US" uiculture="en_US" os-architecture="64bit" /></test-suite><test-suite id="tests/test_exp01_geometric_collision.py::TestSaveResults" name="tests/test_exp01_geometric_collision.py::TestSaveResults" fullname="tests/test_exp01_geometric_collision.py::TestSaveResults" methodname="" classname="" runstate="Runnable" type="Assembly" testcasecount="0" result="Passed" label="Test save_results function." start-time="0001-01-01 00:00:00.000000" end-time="0001-01-01 00:00:00.000000" duration="0.0" asserts="0" total="0" passed="0" failed="0" warnings="0" inconclusive="0" skipped="0"><properties><property name="python_version" value="3.12.10 (tags/v3.12.10:0cc8128, Apr  8 2025, 12:21:36) [MSC v.1943 64 bit (AMD64)]" /></properties><environment framework-version="3.6.2" clr-version="3.12.10 (tags/v3.12.10:0cc8128, Apr  8 2025, 12:21:36) [MSC v.1943 64 bit (AMD64)]" os-version="11" platform="Windows" cwd="c:\Users\jerio\RiderProjects\fractalstat" machine-name="AMD64" user="" user-domain="" culture="en_US" uiculture="en_US" os-architecture="64bit" /></test-suite><test-suite id="tests/test_exp05_compression_expansion.py::TestBranchCoverageExp05" name="tests/test_exp05_compression_expansion.py::TestBranchCoverageExp05" fullname="tests/test_exp05_compression_expansion.py::TestBranchCoverageExp05" methodname="" classname="" runstate="Runnable" type="Assembly" testcasecount="0" result="Passed" label="Additional tests to increase branch coverage for exp05." start-time="0001-01-01 00:00:00.000000" end-time="0001-01-01 00:00:00.000000" duration="0.0" asserts="0" total="0" passed="0" failed="0" warnings="0" inconclusive="0" skipped="0"><properties><property name="python_version" value="3.12.10 (tags/v3.12.10:0cc8128, Apr  8 2025, 12:21:36) [MSC v.1943 64 bit (AMD64)]" /></properties><environment framework-version="3.6.2" clr-version="3.12.10 (tags/v3.12.10:0cc8128, Apr  8 2025, 12:21:36) [MSC v.1943 64 bit (AMD64)]" os-version="11" platform="Windows" cwd="c:\Users\jerio\RiderProjects\fractalstat" machine-name="AMD64" user="" user-domain="" culture="en_US" uiculture="en_US" os-architecture="64bit" /></test-suite><test-suite id="tests/test_config_feature_flags.py::TestGetConfigFunction" name="tests/test_config_feature_flags.py::TestGetConfigFunction" fullname="tests/test_config_feature_flags.py::TestGetConfigFunction" methodname="" classname="" runstate="Runnable" type="Assembly" testcasecount="0" result="Passed" label="Test get_config convenience function." start-time="0001-01-01 00:00:00.000000" end-time="0001-01-01 00:00:00.000000" duration="0.0" asserts="0" total="0" passed="0" failed="0" warnings="0" inconclusive="0" skipped="0"><properties><property name="python_version" value="3.12.10 (tags/v3.12.10:0cc8128, Apr  8 2025, 12:21:36) [MSC v.1943 64 bit (AMD64)]" /></properties><environment framework-version="3.6.2" clr-version="3.12.10 (tags/v3.12.10:0cc8128, Apr  8 2025, 12:21:36) [MSC v.1943 64 bit (AMD64)]" os-version="11" platform="Windows" cwd="c:\Users\jerio\RiderProjects\fractalstat" machine-name="AMD64" user="" user-domain="" culture="en_US" uiculture="en_US" os-architecture="64bit" /></test-suite><test-suite id="tests/test_fractalstat_experiments.py::TestGenerateRandomBitchain" name="tests/test_fractalstat_experiments.py::TestGenerateRandomBitchain" fullname="tests/test_fractalstat_experiments.py::TestGenerateRandomBitchain" methodname="" classname="" runstate="Runnable" type="Assembly" testcasecount="0" result="Passed" label="Test random bitchain generation." start-time="0001-01-01 00:00:00.000000" end-time="0001-01-01 00:00:00.000000" duration="0.0" asserts="0" total="0" passed="0" failed="0" warnings="0" inconclusive="0" skipped="0"><properties><property name="python_version" value="3.12.10 (tags/v3.12.10:0cc8128, Apr  8 2025, 12:21:36) [MSC v.1943 64 bit (AMD64)]" /></properties><environment framework-version="3.6.2" clr-version="3.12.10 (tags/v3.12.10:0cc8128, Apr  8 2025, 12:21:36) [MSC v.1943 64 bit (AMD64)]" os-version="11" platform="Windows" cwd="c:\Users\jerio\RiderProjects\fractalstat" machine-name="AMD64" user="" user-domain="" culture="en_US" uiculture="en_US" os-architecture="64bit" /></test-suite><test-suite id="tests/test_fractalstat_experiments.py::TestBitChainEdgeCases" name="tests/test_fractalstat_experiments.py::TestBitChainEdgeCases" fullname="tests/test_fractalstat_experiments.py::TestBitChainEdgeCases" methodname="" classname="" runstate="Runnable" type="Assembly" testcasecount="0" result="Passed" label="Test BitChain edge cases." start-time="0001-01-01 00:00:00.000000" end-time="0001-01-01 00:00:00.000000" duration="0.0" asserts="0" total="0" passed="0" failed="0" warnings="0" inconclusive="0" skipped="0"><properties><property name="python_version" value="3.12.10 (tags/v3.12.10:0cc8128, Apr  8 2025, 12:21:36) [MSC v.1943 64 bit (AMD64)]" /></properties><environment framework-version="3.6.2" clr-version="3.12.10 (tags/v3.12.10:0cc8128, Apr  8 2025, 12:21:36) [MSC v.1943 64 bit (AMD64)]" os-version="11" platform="Windows" cwd="c:\Users\jerio\RiderProjects\fractalstat" machine-name="AMD64" user="" user-domain="" culture="en_US" uiculture="en_US" os-architecture="64bit" /></test-suite><test-suite id="tests/test_exp03_coordinate_entropy.py::TestCoordinateExtraction" name="tests/test_exp03_coordinate_entropy.py::TestCoordinateExtraction" fullname="tests/test_exp03_coordinate_entropy.py::TestCoordinateExtraction" methodname="" classname="" runstate="Runnable" type="Assembly" testcasecount="0" result="Passed" label="Test coordinate extraction from bit-chains." start-time="0001-01-01 00:00:00.000000" end-time="0001-01-01 00:00:00.000000" duration="0.0" asserts="0" total="0" passed="0" failed="0" warnings="0" inconclusive="0" skipped="0"><properties><property name="python_version" value="3.12.10 (tags/v3.12.10:0cc8128, Apr  8 2025, 12:21:36) [MSC v.1943 64 bit (AMD64)]" /></properties><environment framework-version="3.6.2" clr-version="3.12.10 (tags/v3.12.10:0cc8128, Apr  8 2025, 12:21:36) [MSC v.1943 64 bit (AMD64)]" os-version="11" platform="Windows" cwd="c:\Users\jerio\RiderProjects\fractalstat" machine-name="AMD64" user="" user-domain="" culture="en_US" uiculture="en_US" os-architecture="64bit" /></test-suite><test-suite id="tests/test_exp04_extended.py::TestExp04Extended" name="tests/test_exp04_extended.py::TestExp04Extended" fullname="tests/test_exp04_extended.py::TestExp04Extended" methodname="" classname="" runstate="Runnable" type="Assembly" testcasecount="0" result="Passed" label="Extended tests for fractal scaling experiment." start-time="0001-01-01 00:00:00.000000" end-time="0001-01-01 00:00:00.000000" duration="0.0" asserts="0" total="0" passed="0" failed="0" warnings="0" inconclusive="0" skipped="0"><properties><property name="python_version" value="3.12.10 (tags/v3.12.10:0cc8128, Apr  8 2025, 12:21:36) [MSC v.1943 64 bit (AMD64)]" /></properties><environment framework-version="3.6.2" clr-version="3.12.10 (tags/v3.12.10:0cc8128, Apr  8 2025, 12:21:36) [MSC v.1943 64 bit (AMD64)]" os-version="11" platform="Windows" cwd="c:\Users\jerio\RiderProjects\fractalstat" machine-name="AMD64" user="" user-domain="" culture="en_US" uiculture="en_US" os-architecture="64bit" /></test-suite><test-suite id="tests/test_fractalstat_experiments.py::TestGenerateRandomBitchainEdgeCases" name="tests/test_fractalstat_experiments.py::TestGenerateRandomBitchainEdgeCases" fullname="tests/test_fractalstat_experiments.py::TestGenerateRandomBitchainEdgeCases" methodname="" classname="" runstate="Runnable" type="Assembly" testcasecount="0" result="Passed" label="Test generate_random_bitchain edge cases." start-time="0001-01-01 00:00:00.000000" end-time="0001-01-01 00:00:00.000000" duration="0.0" asserts="0" total="0" passed="0" failed="0" warnings="0" inconclusive="0" skipped="0"><properties><property name="python_version" value="3.12.10 (tags/v3.12.10:0cc8128, Apr  8 2025, 12:21:36) [MSC v.1943 64 bit (AMD64)]" /></properties><environment framework-version="3.6.2" clr-version="3.12.10 (tags/v3.12.10:0cc8128, Apr  8 2025, 12:21:36) [MSC v.1943 64 bit (AMD64)]" os-version="11" platform="Windows" cwd="c:\Users\jerio\RiderProjects\fractalstat" machine-name="AMD64" user="" user-domain="" culture="en_US" uiculture="en_US" os-architecture="64bit" /></test-suite><test-suite id="tests/test_exp02_retrieval_efficiency.py::TestEXP02RetrievalEfficiency" name="tests/test_exp02_retrieval_efficiency.py::TestEXP02RetrievalEfficiency" fullname="tests/test_exp02_retrieval_efficiency.py::TestEXP02RetrievalEfficiency" methodname="" classname="" runstate="Runnable" type="Assembly" testcasecount="0" result="Passed" label="Test EXP02_RetrievalEfficiency class." start-time="0001-01-01 00:00:00.000000" end-time="0001-01-01 00:00:00.000000" duration="0.0" asserts="0" total="0" passed="0" failed="0" warnings="0" inconclusive="0" skipped="0"><properties><property name="python_version" value="3.12.10 (tags/v3.12.10:0cc8128, Apr  8 2025, 12:21:36) [MSC v.1943 64 bit (AMD64)]" /></properties><environment framework-version="3.6.2" clr-version="3.12.10 (tags/v3.12.10:0cc8128, Apr  8 2025, 12:21:36) [MSC v.1943 64 bit (AMD64)]" os-version="11" platform="Windows" cwd="c:\Users\jerio\RiderProjects\fractalstat" machine-name="AMD64" user="" user-domain="" culture="en_US" uiculture="en_US" os-architecture="64bit" /></test-suite><test-suite id="tests/test_exp04_fractal_scaling.py::TestDegradationAnalysis" name="tests/test_exp04_fractal_scaling.py::TestDegradationAnalysis" fullname="tests/test_exp04_fractal_scaling.py::TestDegradationAnalysis" methodname="" classname="" runstate="Runnable" type="Assembly" testcasecount="0" result="Passed" label="Test degradation analysis function." start-time="0001-01-01 00:00:00.000000" end-time="0001-01-01 00:00:00.000000" duration="0.0" asserts="0" total="0" passed="0" failed="0" warnings="0" inconclusive="0" skipped="0"><properties><property name="python_version" value="3.12.10 (tags/v3.12.10:0cc8128, Apr  8 2025, 12:21:36) [MSC v.1943 64 bit (AMD64)]" /></properties><environment framework-version="3.6.2" clr-version="3.12.10 (tags/v3.12.10:0cc8128, Apr  8 2025, 12:21:36) [MSC v.1943 64 bit (AMD64)]" os-version="11" platform="Windows" cwd="c:\Users\jerio\RiderProjects\fractalstat" machine-name="AMD64" user="" user-domain="" culture="en_US" uiculture="en_US" os-architecture="64bit" /></test-suite><test-suite id="tests/test_exp11_dimension_cardinality.py::TestDimensionCardinalityExperiment" name="tests/test_exp11_dimension_cardinality.py::TestDimensionCardinalityExperiment" fullname="tests/test_exp11_dimension_cardinality.py::TestDimensionCardinalityExperiment" methodname="" classname="" runstate="Runnable" type="Assembly" testcasecount="0" result="Passed" label="Tests for DimensionCardinalityExperiment class." start-time="0001-01-01 00:00:00.000000" end-time="0001-01-01 00:00:00.000000" duration="0.0" asserts="0" total="0" passed="0" failed="0" warnings="0" inconclusive="0" skipped="0"><properties><property name="python_version" value="3.12.10 (tags/v3.12.10:0cc8128, Apr  8 2025, 12:21:36) [MSC v.1943 64 bit (AMD64)]" /></properties><environment framework-version="3.6.2" clr-version="3.12.10 (tags/v3.12.10:0cc8128, Apr  8 2025, 12:21:36) [MSC v.1943 64 bit (AMD64)]" os-version="11" platform="Windows" cwd="c:\Users\jerio\RiderProjects\fractalstat" machine-name="AMD64" user="" user-domain="" culture="en_US" uiculture="en_US" os-architecture="64bit" /></test-suite><test-suite id="tests/test_fractalstat_experiments_extended.py::TestMainEntryPoint" name="tests/test_fractalstat_experiments_extended.py::TestMainEntryPoint" fullname="tests/test_fractalstat_experiments_extended.py::TestMainEntryPoint" methodname="" classname="" runstate="Runnable" type="Assembly" testcasecount="0" result="Passed" label="Tests for main entry point execution." start-time="0001-01-01 00:00:00.000000" end-time="0001-01-01 00:00:00.000000" duration="0.0" asserts="0" total="0" passed="0" failed="0" warnings="0" inconclusive="0" skipped="0"><properties><property name="python_version" value="3.12.10 (tags/v3.12.10:0cc8128, Apr  8 2025, 12:21:36) [MSC v.1943 64 bit (AMD64)]" /></properties><environment framework-version="3.6.2" clr-version="3.12.10 (tags/v3.12.10:0cc8128, Apr  8 2025, 12:21:36) [MSC v.1943 64 bit (AMD64)]" os-version="11" platform="Windows" cwd="c:\Users\jerio\RiderProjects\fractalstat" machine-name="AMD64" user="" user-domain="" culture="en_US" uiculture="en_US" os-architecture="64bit" /></test-suite><test-suite id="tests/test_exp11b_dimension_stress_test.py::TestDimensionStressTest" name="tests/test_exp11b_dimension_stress_test.py::TestDimensionStressTest" fullname="tests/test_exp11b_dimension_stress_test.py::TestDimensionStressTest" methodname="" classname="" runstate="Runnable" type="Assembly" testcasecount="0" result="Passed" label="Test DimensionStressTest class." start-time="0001-01-01 00:00:00.000000" end-time="0001-01-01 00:00:00.000000" duration="0.0" asserts="0" total="0" passed="0" failed="0" warnings="0" inconclusive="0" skipped="0"><properties><property name="python_version" value="3.12.10 (tags/v3.12.10:0cc8128, Apr  8 2025, 12:21:36) [MSC v.1943 64 bit (AMD64)]" /></properties><environment framework-version="3.6.2" clr-version="3.12.10 (tags/v3.12.10:0cc8128, Apr  8 2025, 12:21:36) [MSC v.1943 64 bit (AMD64)]" os-version="11" platform="Windows" cwd="c:\Users\jerio\RiderProjects\fractalstat" machine-name="AMD64" user="" user-domain="" culture="en_US" uiculture="en_US" os-architecture="64bit" /></test-suite><test-suite id="tests/test_exp05_extended.py::TestExp05EdgeCases" name="tests/test_exp05_extended.py::TestExp05EdgeCases" fullname="tests/test_exp05_extended.py::TestExp05EdgeCases" methodname="" classname="" runstate="Runnable" type="Assembly" testcasecount="0" result="Passed" label="Tests for edge cases in compression pipeline." start-time="0001-01-01 00:00:00.000000" end-time="0001-01-01 00:00:00.000000" duration="0.0" asserts="0" total="0" passed="0" failed="0" warnings="0" inconclusive="0" skipped="0"><properties><property name="python_version" value="3.12.10 (tags/v3.12.10:0cc8128, Apr  8 2025, 12:21:36) [MSC v.1943 64 bit (AMD64)]" /></properties><environment framework-version="3.6.2" clr-version="3.12.10 (tags/v3.12.10:0cc8128, Apr  8 2025, 12:21:36) [MSC v.1943 64 bit (AMD64)]" os-version="11" platform="Windows" cwd="c:\Users\jerio\RiderProjects\fractalstat" machine-name="AMD64" user="" user-domain="" culture="en_US" uiculture="en_US" os-architecture="64bit" /></test-suite><test-suite id="tests/test_exp02_retrieval_efficiency.py::TestSaveResults" name="tests/test_exp02_retrieval_efficiency.py::TestSaveResults" fullname="tests/test_exp02_retrieval_efficiency.py::TestSaveResults" methodname="" classname="" runstate="Runnable" type="Assembly" testcasecount="0" result="Passed" label="Test save_results function." start-time="0001-01-01 00:00:00.000000" end-time="0001-01-01 00:00:00.000000" duration="0.0" asserts="0" total="0" passed="0" failed="0" warnings="0" inconclusive="0" skipped="0"><properties><property name="python_version" value="3.12.10 (tags/v3.12.10:0cc8128, Apr  8 2025, 12:21:36) [MSC v.1943 64 bit (AMD64)]" /></properties><environment framework-version="3.6.2" clr-version="3.12.10 (tags/v3.12.10:0cc8128, Apr  8 2025, 12:21:36) [MSC v.1943 64 bit (AMD64)]" os-version="11" platform="Windows" cwd="c:\Users\jerio\RiderProjects\fractalstat" machine-name="AMD64" user="" user-domain="" culture="en_US" uiculture="en_US" os-architecture="64bit" /></test-suite><test-suite id="tests/test_exp03_coordinate_entropy.py::TestEntropyNormalization" name="tests/test_exp03_coordinate_entropy.py::TestEntropyNormalization" fullname="tests/test_exp03_coordinate_entropy.py::TestEntropyNormalization" methodname="" classname="" runstate="Runnable" type="Assembly" testcasecount="0" result="Passed" label="Test entropy normalization." start-time="0001-01-01 00:00:00.000000" end-time="0001-01-01 00:00:00.000000" duration="0.0" asserts="0" total="0" passed="0" failed="0" warnings="0" inconclusive="0" skipped="0"><properties><property name="python_version" value="3.12.10 (tags/v3.12.10:0cc8128, Apr  8 2025, 12:21:36) [MSC v.1943 64 bit (AMD64)]" /></properties><environment framework-version="3.6.2" clr-version="3.12.10 (tags/v3.12.10:0cc8128, Apr  8 2025, 12:21:36) [MSC v.1943 64 bit (AMD64)]" os-version="11" platform="Windows" cwd="c:\Users\jerio\RiderProjects\fractalstat" machine-name="AMD64" user="" user-domain="" culture="en_US" uiculture="en_US" os-architecture="64bit" /></test-suite><test-suite id="tests/test_exp06_entanglement_detection.py::TestEntanglementScore" name="tests/test_exp06_entanglement_detection.py::TestEntanglementScore" fullname="tests/test_exp06_entanglement_detection.py::TestEntanglementScore" methodname="" classname="" runstate="Runnable" type="Assembly" testcasecount="0" result="Passed" label="Test complete entanglement score computation." start-time="0001-01-01 00:00:00.000000" end-time="0001-01-01 00:00:00.000000" duration="0.0" asserts="0" total="0" passed="0" failed="0" warnings="0" inconclusive="0" skipped="0"><properties><property name="python_version" value="3.12.10 (tags/v3.12.10:0cc8128, Apr  8 2025, 12:21:36) [MSC v.1943 64 bit (AMD64)]" /></properties><environment framework-version="3.6.2" clr-version="3.12.10 (tags/v3.12.10:0cc8128, Apr  8 2025, 12:21:36) [MSC v.1943 64 bit (AMD64)]" os-version="11" platform="Windows" cwd="c:\Users\jerio\RiderProjects\fractalstat" machine-name="AMD64" user="" user-domain="" culture="en_US" uiculture="en_US" os-architecture="64bit" /></test-suite><test-suite id="tests/test_exp06_extended.py::TestExp06Extended" name="tests/test_exp06_extended.py::TestExp06Extended" fullname="tests/test_exp06_extended.py::TestExp06Extended" methodname="" classname="" runstate="Runnable" type="Assembly" testcasecount="0" result="Passed" label="Extended tests for entanglement detection." start-time="0001-01-01 00:00:00.000000" end-time="0001-01-01 00:00:00.000000" duration="0.0" asserts="0" total="0" passed="0" failed="0" warnings="0" inconclusive="0" skipped="0"><properties><property name="python_version" value="3.12.10 (tags/v3.12.10:0cc8128, Apr  8 2025, 12:21:36) [MSC v.1943 64 bit (AMD64)]" /></properties><environment framework-version="3.6.2" clr-version="3.12.10 (tags/v3.12.10:0cc8128, Apr  8 2025, 12:21:36) [MSC v.1943 64 bit (AMD64)]" os-version="11" platform="Windows" cwd="c:\Users\jerio\RiderProjects\fractalstat" machine-name="AMD64" user="" user-domain="" culture="en_US" uiculture="en_US" os-architecture="64bit" /></test-suite><test-suite id="tests/test_exp03_coordinate_entropy.py::TestSemanticDisambiguation" name="tests/test_exp03_coordinate_entropy.py::TestSemanticDisambiguation" fullname="tests/test_exp03_coordinate_entropy.py::TestSemanticDisambiguation" methodname="" classname="" runstate="Runnable" type="Assembly" testcasecount="0" result="Passed" label="Test semantic disambiguation score calculation." start-time="0001-01-01 00:00:00.000000" end-time="0001-01-01 00:00:00.000000" duration="0.0" asserts="0" total="0" passed="0" failed="0" warnings="0" inconclusive="0" skipped="0"><properties><property name="python_version" value="3.12.10 (tags/v3.12.10:0cc8128, Apr  8 2025, 12:21:36) [MSC v.1943 64 bit (AMD64)]" /></properties><environment framework-version="3.6.2" clr-version="3.12.10 (tags/v3.12.10:0cc8128, Apr  8 2025, 12:21:36) [MSC v.1943 64 bit (AMD64)]" os-version="11" platform="Windows" cwd="c:\Users\jerio\RiderProjects\fractalstat" machine-name="AMD64" user="" user-domain="" culture="en_US" uiculture="en_US" os-architecture="64bit" /></test-suite><test-suite id="tests/test_exp12_benchmark_comparison.py::TestSaveResults" name="tests/test_exp12_benchmark_comparison.py::TestSaveResults" fullname="tests/test_exp12_benchmark_comparison.py::TestSaveResults" methodname="" classname="" runstate="Runnable" type="Assembly" testcasecount="0" result="Passed" label="Tests for save_results function." start-time="0001-01-01 00:00:00.000000" end-time="0001-01-01 00:00:00.000000" duration="0.0" asserts="0" total="0" passed="0" failed="0" warnings="0" inconclusive="0" skipped="0"><properties><property name="python_version" value="3.12.10 (tags/v3.12.10:0cc8128, Apr  8 2025, 12:21:36) [MSC v.1943 64 bit (AMD64)]" /></properties><environment framework-version="3.6.2" clr-version="3.12.10 (tags/v3.12.10:0cc8128, Apr  8 2025, 12:21:36) [MSC v.1943 64 bit (AMD64)]" os-version="11" platform="Windows" cwd="c:\Users\jerio\RiderProjects\fractalstat" machine-name="AMD64" user="" user-domain="" culture="en_US" uiculture="en_US" os-architecture="64bit" /></test-suite><test-suite id="tests/test_exp06_entanglement_detection.py::TestLuminosityProximity" name="tests/test_exp06_entanglement_detection.py::TestLuminosityProximity" fullname="tests/test_exp06_entanglement_detection.py::TestLuminosityProximity" methodname="" classname="" runstate="Runnable" type="Assembly" testcasecount="0" result="Passed" label="Test luminosity proximity scoring." start-time="0001-01-01 00:00:00.000000" end-time="0001-01-01 00:00:00.000000" duration="0.0" asserts="0" total="0" passed="0" failed="0" warnings="0" inconclusive="0" skipped="0"><properties><property name="python_version" value="3.12.10 (tags/v3.12.10:0cc8128, Apr  8 2025, 12:21:36) [MSC v.1943 64 bit (AMD64)]" /></properties><environment framework-version="3.6.2" clr-version="3.12.10 (tags/v3.12.10:0cc8128, Apr  8 2025, 12:21:36) [MSC v.1943 64 bit (AMD64)]" os-version="11" platform="Windows" cwd="c:\Users\jerio\RiderProjects\fractalstat" machine-name="AMD64" user="" user-domain="" culture="en_US" uiculture="en_US" os-architecture="64bit" /></test-suite><test-suite id="tests/test_fractalstat_experiments.py::TestBitChain" name="tests/test_fractalstat_experiments.py::TestBitChain" fullname="tests/test_fractalstat_experiments.py::TestBitChain" methodname="" classname="" runstate="Runnable" type="Assembly" testcasecount="0" result="Passed" label="Test BitChain entity." start-time="0001-01-01 00:00:00.000000" end-time="0001-01-01 00:00:00.000000" duration="0.0" asserts="0" total="0" passed="0" failed="0" warnings="0" inconclusive="0" skipped="0"><properties><property name="python_version" value="3.12.10 (tags/v3.12.10:0cc8128, Apr  8 2025, 12:21:36) [MSC v.1943 64 bit (AMD64)]" /></properties><environment framework-version="3.6.2" clr-version="3.12.10 (tags/v3.12.10:0cc8128, Apr  8 2025, 12:21:36) [MSC v.1943 64 bit (AMD64)]" os-version="11" platform="Windows" cwd="c:\Users\jerio\RiderProjects\fractalstat" machine-name="AMD64" user="" user-domain="" culture="en_US" uiculture="en_US" os-architecture="64bit" /></test-suite><test-suite id="tests/test_config_feature_flags.py::TestConfigEdgeCases" name="tests/test_config_feature_flags.py::TestConfigEdgeCases" fullname="tests/test_config_feature_flags.py::TestConfigEdgeCases" methodname="" classname="" runstate="Runnable" type="Assembly" testcasecount="0" result="Passed" label="Test edge cases and error handling." start-time="0001-01-01 00:00:00.000000" end-time="0001-01-01 00:00:00.000000" duration="0.0" asserts="0" total="0" passed="0" failed="0" warnings="0" inconclusive="0" skipped="0"><properties><property name="python_version" value="3.12.10 (tags/v3.12.10:0cc8128, Apr  8 2025, 12:21:36) [MSC v.1943 64 bit (AMD64)]" /></properties><environment framework-version="3.6.2" clr-version="3.12.10 (tags/v3.12.10:0cc8128, Apr  8 2025, 12:21:36) [MSC v.1943 64 bit (AMD64)]" os-version="11" platform="Windows" cwd="c:\Users\jerio\RiderProjects\fractalstat" machine-name="AMD64" user="" user-domain="" culture="en_US" uiculture="en_US" os-architecture="64bit" /></test-suite><test-suite id="tests/test_fractalstat_experiments.py::TestNormalizeTimestamp" name="tests/test_fractalstat_experiments.py::TestNormalizeTimestamp" fullname="tests/test_fractalstat_experiments.py::TestNormalizeTimestamp" methodname="" classname="" runstate="Runnable" type="Assembly" testcasecount="0" result="Passed" label="Test timestamp normalization." start-time="0001-01-01 00:00:00.000000" end-time="0001-01-01 00:00:00.000000" duration="0.0" asserts="0" total="0" passed="0" failed="0" warnings="0" inconclusive="0" skipped="0"><properties><property name="python_version" value="3.12.10 (tags/v3.12.10:0cc8128, Apr  8 2025, 12:21:36) [MSC v.1943 64 bit (AMD64)]" /></properties><environment framework-version="3.6.2" clr-version="3.12.10 (tags/v3.12.10:0cc8128, Apr  8 2025, 12:21:36) [MSC v.1943 64 bit (AMD64)]" os-version="11" platform="Windows" cwd="c:\Users\jerio\RiderProjects\fractalstat" machine-name="AMD64" user="" user-domain="" culture="en_US" uiculture="en_US" os-architecture="64bit" /></test-suite><test-suite id="tests/test_exp03_coordinate_entropy.py::TestEXP03Run" name="tests/test_exp03_coordinate_entropy.py::TestEXP03Run" fullname="tests/test_exp03_coordinate_entropy.py::TestEXP03Run" methodname="" classname="" runstate="Runnable" type="Assembly" testcasecount="0" result="Passed" label="Test EXP-03 experiment execution." start-time="0001-01-01 00:00:00.000000" end-time="0001-01-01 00:00:00.000000" duration="0.0" asserts="0" total="0" passed="0" failed="0" warnings="0" inconclusive="0" skipped="0"><properties><property name="python_version" value="3.12.10 (tags/v3.12.10:0cc8128, Apr  8 2025, 12:21:36) [MSC v.1943 64 bit (AMD64)]" /></properties><environment framework-version="3.6.2" clr-version="3.12.10 (tags/v3.12.10:0cc8128, Apr  8 2025, 12:21:36) [MSC v.1943 64 bit (AMD64)]" os-version="11" platform="Windows" cwd="c:\Users\jerio\RiderProjects\fractalstat" machine-name="AMD64" user="" user-domain="" culture="en_US" uiculture="en_US" os-architecture="64bit" /></test-suite><test-suite id="tests/test_fractalstat_experiments.py::TestNormalizeTimestampEdgeCases" name="tests/t
[...]
10 (tags/v3.12.10:0cc8128, Apr  8 2025, 12:21:36) [MSC v.1943 64 bit (AMD64)]" /></properties><environment framework-version="3.6.2" clr-version="3.12.10 (tags/v3.12.10:0cc8128, Apr  8 2025, 12:21:36) [MSC v.1943 64 bit (AMD64)]" os-version="11" platform="Windows" cwd="c:\Users\jerio\RiderProjects\fractalstat" machine-name="AMD64" user="" user-domain="" culture="en_US" uiculture="en_US" os-architecture="64bit" /></test-suite><test-suite id="tests/test_exp05_extended.py::TestExp05MainEntryPoint" name="tests/test_exp05_extended.py::TestExp05MainEntryPoint" fullname="tests/test_exp05_extended.py::TestExp05MainEntryPoint" methodname="" classname="" runstate="Runnable" type="Assembly" testcasecount="0" result="Passed" label="Tests for main entry point and CLI." start-time="0001-01-01 00:00:00.000000" end-time="0001-01-01 00:00:00.000000" duration="0.0" asserts="0" total="0" passed="0" failed="0" warnings="0" inconclusive="0" skipped="0"><properties><property name="python_version" value="3.12.10 (tags/v3.12.10:0cc8128, Apr  8 2025, 12:21:36) [MSC v.1943 64 bit (AMD64)]" /></properties><environment framework-version="3.6.2" clr-version="3.12.10 (tags/v3.12.10:0cc8128, Apr  8 2025, 12:21:36) [MSC v.1943 64 bit (AMD64)]" os-version="11" platform="Windows" cwd="c:\Users\jerio\RiderProjects\fractalstat" machine-name="AMD64" user="" user-domain="" culture="en_US" uiculture="en_US" os-architecture="64bit" /></test-suite><test-suite id="tests/test_exp11_dimension_cardinality.py::TestDimensionTestResult" name="tests/test_exp11_dimension_cardinality.py::TestDimensionTestResult" fullname="tests/test_exp11_dimension_cardinality.py::TestDimensionTestResult" methodname="" classname="" runstate="Runnable" type="Assembly" testcasecount="0" result="Passed" label="Tests for DimensionTestResult dataclass." start-time="0001-01-01 00:00:00.000000" end-time="0001-01-01 00:00:00.000000" duration="0.0" asserts="0" total="0" passed="0" failed="0" warnings="0" inconclusive="0" skipped="0"><properties><property name="python_version" value="3.12.10 (tags/v3.12.10:0cc8128, Apr  8 2025, 12:21:36) [MSC v.1943 64 bit (AMD64)]" /></properties><environment framework-version="3.6.2" clr-version="3.12.10 (tags/v3.12.10:0cc8128, Apr  8 2025, 12:21:36) [MSC v.1943 64 bit (AMD64)]" os-version="11" platform="Windows" cwd="c:\Users\jerio\RiderProjects\fractalstat" machine-name="AMD64" user="" user-domain="" culture="en_US" uiculture="en_US" os-architecture="64bit" /></test-suite><test-suite id="tests/test_fractalstat_experiments_extended.py::TestRunAllExperiments" name="tests/test_fractalstat_experiments_extended.py::TestRunAllExperiments" fullname="tests/test_fractalstat_experiments_extended.py::TestRunAllExperiments" methodname="" classname="" runstate="Runnable" type="Assembly" testcasecount="0" result="Passed" label="Tests for run_all_experiments orchestration." start-time="0001-01-01 00:00:00.000000" end-time="0001-01-01 00:00:00.000000" duration="0.0" asserts="0" total="0" passed="0" failed="0" warnings="0" inconclusive="0" skipped="0"><properties><property name="python_version" value="3.12.10 (tags/v3.12.10:0cc8128, Apr  8 2025, 12:21:36) [MSC v.1943 64 bit (AMD64)]" /></properties><environment framework-version="3.6.2" clr-version="3.12.10 (tags/v3.12.10:0cc8128, Apr  8 2025, 12:21:36) [MSC v.1943 64 bit (AMD64)]" os-version="11" platform="Windows" cwd="c:\Users\jerio\RiderProjects\fractalstat" machine-name="AMD64" user="" user-domain="" culture="en_US" uiculture="en_US" os-architecture="64bit" /></test-suite><test-suite id="tests/test_fractalstat_experiments.py::TestCoordinatesEdgeCases" name="tests/test_fractalstat_experiments.py::TestCoordinatesEdgeCases" fullname="tests/test_fractalstat_experiments.py::TestCoordinatesEdgeCases" methodname="" classname="" runstate="Runnable" type="Assembly" testcasecount="0" result="Passed" label="Test Coordinates edge cases." start-time="0001-01-01 00:00:00.000000" end-time="0001-01-01 00:00:00.000000" duration="0.0" asserts="0" total="0" passed="0" failed="0" warnings="0" inconclusive="0" skipped="0"><properties><property name="python_version" value="3.12.10 (tags/v3.12.10:0cc8128, Apr  8 2025, 12:21:36) [MSC v.1943 64 bit (AMD64)]" /></properties><environment framework-version="3.6.2" clr-version="3.12.10 (tags/v3.12.10:0cc8128, Apr  8 2025, 12:21:36) [MSC v.1943 64 bit (AMD64)]" os-version="11" platform="Windows" cwd="c:\Users\jerio\RiderProjects\fractalstat" machine-name="AMD64" user="" user-domain="" culture="en_US" uiculture="en_US" os-architecture="64bit" /></test-suite><test-suite id="tests/test_fractalstat_experiments.py::TestEXP02RetrievalEfficiency" name="tests/test_fractalstat_experiments.py::TestEXP02RetrievalEfficiency" fullname="tests/test_fractalstat_experiments.py::TestEXP02RetrievalEfficiency" methodname="" classname="" runstate="Runnable" type="Assembly" testcasecount="0" result="Passed" label="Test EXP-02 retrieval efficiency." start-time="0001-01-01 00:00:00.000000" end-time="0001-01-01 00:00:00.000000" duration="0.0" asserts="0" total="0" passed="0" failed="0" warnings="0" inconclusive="0" skipped="0"><properties><property name="python_version" value="3.12.10 (tags/v3.12.10:0cc8128, Apr  8 2025, 12:21:36) [MSC v.1943 64 bit (AMD64)]" /></properties><environment framework-version="3.6.2" clr-version="3.12.10 (tags/v3.12.10:0cc8128, Apr  8 2025, 12:21:36) [MSC v.1943 64 bit (AMD64)]" os-version="11" platform="Windows" cwd="c:\Users\jerio\RiderProjects\fractalstat" machine-name="AMD64" user="" user-domain="" culture="en_US" uiculture="en_US" os-architecture="64bit" /></test-suite><test-suite id="tests/test_fractalstat_experiments.py::TestEXP01AddressUniquenessExtended" name="tests/test_fractalstat_experiments.py::TestEXP01AddressUniquenessExtended" fullname="tests/test_fractalstat_experiments.py::TestEXP01AddressUniquenessExtended" methodname="" classname="" runstate="Runnable" type="Assembly" testcasecount="0" result="Passed" label="Extended tests for EXP-01." start-time="0001-01-01 00:00:00.000000" end-time="0001-01-01 00:00:00.000000" duration="0.0" asserts="0" total="0" passed="0" failed="0" warnings="0" inconclusive="0" skipped="0"><properties><property name="python_version" value="3.12.10 (tags/v3.12.10:0cc8128, Apr  8 2025, 12:21:36) [MSC v.1943 64 bit (AMD64)]" /></properties><environment framework-version="3.6.2" clr-version="3.12.10 (tags/v3.12.10:0cc8128, Apr  8 2025, 12:21:36) [MSC v.1943 64 bit (AMD64)]" os-version="11" platform="Windows" cwd="c:\Users\jerio\RiderProjects\fractalstat" machine-name="AMD64" user="" user-domain="" culture="en_US" uiculture="en_US" os-architecture="64bit" /></test-suite><test-suite id="tests/test_fractalstat_experiments.py::TestCapabilityEnum" name="tests/test_fractalstat_experiments.py::TestCapabilityEnum" fullname="tests/test_fractalstat_experiments.py::TestCapabilityEnum" methodname="" classname="" runstate="Runnable" type="Assembly" testcasecount="0" result="Passed" label="Test Capability recovery enum." start-time="0001-01-01 00:00:00.000000" end-time="0001-01-01 00:00:00.000000" duration="0.0" asserts="0" total="0" passed="0" failed="0" warnings="0" inconclusive="0" skipped="0"><properties><property name="python_version" value="3.12.10 (tags/v3.12.10:0cc8128, Apr  8 2025, 12:21:36) [MSC v.1943 64 bit (AMD64)]" /></properties><environment framework-version="3.6.2" clr-version="3.12.10 (tags/v3.12.10:0cc8128, Apr  8 2025, 12:21:36) [MSC v.1943 64 bit (AMD64)]" os-version="11" platform="Windows" cwd="c:\Users\jerio\RiderProjects\fractalstat" machine-name="AMD64" user="" user-domain="" culture="en_US" uiculture="en_US" os-architecture="64bit" /></test-suite><test-suite id="tests/test_exp12_benchmark_comparison.py::TestEdgeCases" name="tests/test_exp12_benchmark_comparison.py::TestEdgeCases" fullname="tests/test_exp12_benchmark_comparison.py::TestEdgeCases" methodname="" classname="" runstate="Runnable" type="Assembly" testcasecount="0" result="Passed" label="Tests for edge cases and error handling." start-time="0001-01-01 00:00:00.000000" end-time="0001-01-01 00:00:00.000000" duration="0.0" asserts="0" total="0" passed="0" failed="0" warnings="0" inconclusive="0" skipped="0"><properties><property name="python_version" value="3.12.10 (tags/v3.12.10:0cc8128, Apr  8 2025, 12:21:36) [MSC v.1943 64 bit (AMD64)]" /></properties><environment framework-version="3.6.2" clr-version="3.12.10 (tags/v3.12.10:0cc8128, Apr  8 2025, 12:21:36) [MSC v.1943 64 bit (AMD64)]" os-version="11" platform="Windows" cwd="c:\Users\jerio\RiderProjects\fractalstat" machine-name="AMD64" user="" user-domain="" culture="en_US" uiculture="en_US" os-architecture="64bit" /></test-suite><test-suite id="tests/test_exp11b_dimension_stress_test.py::TestStressTestResult" name="tests/test_exp11b_dimension_stress_test.py::TestStressTestResult" fullname="tests/test_exp11b_dimension_stress_test.py::TestStressTestResult" methodname="" classname="" runstate="Runnable" type="Assembly" testcasecount="0" result="Passed" label="Test StressTestResult dataclass." start-time="0001-01-01 00:00:00.000000" end-time="0001-01-01 00:00:00.000000" duration="0.0" asserts="0" total="0" passed="0" failed="0" warnings="0" inconclusive="0" skipped="0"><properties><property name="python_version" value="3.12.10 (tags/v3.12.10:0cc8128, Apr  8 2025, 12:21:36) [MSC v.1943 64 bit (AMD64)]" /></properties><environment framework-version="3.6.2" clr-version="3.12.10 (tags/v3.12.10:0cc8128, Apr  8 2025, 12:21:36) [MSC v.1943 64 bit (AMD64)]" os-version="11" platform="Windows" cwd="c:\Users\jerio\RiderProjects\fractalstat" machine-name="AMD64" user="" user-domain="" culture="en_US" uiculture="en_US" os-architecture="64bit" /></test-suite><test-suite id="tests/test_exp01_geometric_collision.py::TestEXP01GeometricCollisionResistance" name="tests/test_exp01_geometric_collision.py::TestEXP01GeometricCollisionResistance" fullname="tests/test_exp01_geometric_collision.py::TestEXP01GeometricCollisionResistance" methodname="" classname="" runstate="Runnable" type="Assembly" testcasecount="0" result="Passed" label="Test EXP01_GeometricCollisionResistance class." start-time="0001-01-01 00:00:00.000000" end-time="0001-01-01 00:00:00.000000" duration="0.0" asserts="0" total="0" passed="0" failed="0" warnings="0" inconclusive="0" skipped="0"><properties><property name="python_version" value="3.12.10 (tags/v3.12.10:0cc8128, Apr  8 2025, 12:21:36) [MSC v.1943 64 bit (AMD64)]" /></properties><environment framework-version="3.6.2" clr-version="3.12.10 (tags/v3.12.10:0cc8128, Apr  8 2025, 12:21:36) [MSC v.1943 64 bit (AMD64)]" os-version="11" platform="Windows" cwd="c:\Users\jerio\RiderProjects\fractalstat" machine-name="AMD64" user="" user-domain="" culture="en_US" uiculture="en_US" os-architecture="64bit" /></test-suite><test-suite id="tests/test_exp01_geometric_collision.py::TestEdgeCases" name="tests/test_exp01_geometric_collision.py::TestEdgeCases" fullname="tests/test_exp01_geometric_collision.py::TestEdgeCases" methodname="" classname="" runstate="Runnable" type="Assembly" testcasecount="0" result="Passed" label="Test edge cases and error handling." start-time="0001-01-01 00:00:00.000000" end-time="0001-01-01 00:00:00.000000" duration="0.0" asserts="0" total="0" passed="0" failed="0" warnings="0" inconclusive="0" skipped="0"><properties><property name="python_version" value="3.12.10 (tags/v3.12.10:0cc8128, Apr  8 2025, 12:21:36) [MSC v.1943 64 bit (AMD64)]" /></properties><environment framework-version="3.6.2" clr-version="3.12.10 (tags/v3.12.10:0cc8128, Apr  8 2025, 12:21:36) [MSC v.1943 64 bit (AMD64)]" os-version="11" platform="Windows" cwd="c:\Users\jerio\RiderProjects\fractalstat" machine-name="AMD64" user="" user-domain="" culture="en_US" uiculture="en_US" os-architecture="64bit" /></test-suite><test-suite id="tests/test_exp05_extended.py::TestExp05Extended" name="tests/test_exp05_extended.py::TestExp05Extended" fullname="tests/test_exp05_extended.py::TestExp05Extended" methodname="" classname="" runstate="Runnable" type="Assembly" testcasecount="0" result="Passed" label="Extended tests for compression/expansion experiment." start-time="0001-01-01 00:00:00.000000" end-time="0001-01-01 00:00:00.000000" duration="0.0" asserts="0" total="0" passed="0" failed="0" warnings="0" inconclusive="0" skipped="0"><properties><property name="python_version" value="3.12.10 (tags/v3.12.10:0cc8128, Apr  8 2025, 12:21:36) [MSC v.1943 64 bit (AMD64)]" /></properties><environment framework-version="3.6.2" clr-version="3.12.10 (tags/v3.12.10:0cc8128, Apr  8 2025, 12:21:36) [MSC v.1943 64 bit (AMD64)]" os-version="11" platform="Windows" cwd="c:\Users\jerio\RiderProjects\fractalstat" machine-name="AMD64" user="" user-domain="" culture="en_US" uiculture="en_US" os-architecture="64bit" /></test-suite><test-suite id="tests/test_fractalstat_experiments.py::TestRealmDefinitions" name="tests/test_fractalstat_experiments.py::TestRealmDefinitions" fullname="tests/test_fractalstat_experiments.py::TestRealmDefinitions" methodname="" classname="" runstate="Runnable" type="Assembly" testcasecount="0" result="Passed" label="Test realm and horizon definitions." start-time="0001-01-01 00:00:00.000000" end-time="0001-01-01 00:00:00.000000" duration="0.0" asserts="0" total="0" passed="0" failed="0" warnings="0" inconclusive="0" skipped="0"><properties><property name="python_version" value="3.12.10 (tags/v3.12.10:0cc8128, Apr  8 2025, 12:21:36) [MSC v.1943 64 bit (AMD64)]" /></properties><environment framework-version="3.6.2" clr-version="3.12.10 (tags/v3.12.10:0cc8128, Apr  8 2025, 12:21:36) [MSC v.1943 64 bit (AMD64)]" os-version="11" platform="Windows" cwd="c:\Users\jerio\RiderProjects\fractalstat" machine-name="AMD64" user="" user-domain="" culture="en_US" uiculture="en_US" os-architecture="64bit" /></test-suite><test-suite id="tests/test_fractalstat_experiments.py::TestNormalizeFloat" name="tests/test_fractalstat_experiments.py::TestNormalizeFloat" fullname="tests/test_fractalstat_experiments.py::TestNormalizeFloat" methodname="" classname="" runstate="Runnable" type="Assembly" testcasecount="0" result="Passed" label="Test floating point normalization." start-time="0001-01-01 00:00:00.000000" end-time="0001-01-01 00:00:00.000000" duration="0.0" asserts="0" total="0" passed="0" failed="0" warnings="0" inconclusive="0" skipped="0"><properties><property name="python_version" value="3.12.10 (tags/v3.12.10:0cc8128, Apr  8 2025, 12:21:36) [MSC v.1943 64 bit (AMD64)]" /></properties><environment framework-version="3.6.2" clr-version="3.12.10 (tags/v3.12.10:0cc8128, Apr  8 2025, 12:21:36) [MSC v.1943 64 bit (AMD64)]" os-version="11" platform="Windows" cwd="c:\Users\jerio\RiderProjects\fractalstat" machine-name="AMD64" user="" user-domain="" culture="en_US" uiculture="en_US" os-architecture="64bit" /></test-suite><test-suite id="tests/test_fractalstat_experiments.py::TestNormalizeFloatEdgeCases" name="tests/test_fractalstat_experiments.py::TestNormalizeFloatEdgeCases" fullname="tests/test_fractalstat_experiments.py::TestNormalizeFloatEdgeCases" methodname="" classname="" runstate="Runnable" type="Assembly" testcasecount="0" result="Passed" label="Test normalize_float edge cases and branches." start-time="0001-01-01 00:00:00.000000" end-time="0001-01-01 00:00:00.000000" duration="0.0" asserts="0" total="0" passed="0" failed="0" warnings="0" inconclusive="0" skipped="0"><properties><property name="python_version" value="3.12.10 (tags/v3.12.10:0cc8128, Apr  8 2025, 12:21:36) [MSC v.1943 64 bit (AMD64)]" /></properties><environment framework-version="3.6.2" clr-version="3.12.10 (tags/v3.12.10:0cc8128, Apr  8 2025, 12:21:36) [MSC v.1943 64 bit (AMD64)]" os-version="11" platform="Windows" cwd="c:\Users\jerio\RiderProjects\fractalstat" machine-name="AMD64" user="" user-domain="" culture="en_US" uiculture="en_US" os-architecture="64bit" /></test-suite><test-suite id="tests/test_exp03_coordinate_entropy.py::TestSaveResults" name="tests/test_exp03_coordinate_entropy.py::TestSaveResults" fullname="tests/test_exp03_coordinate_entropy.py::TestSaveResults" methodname="" classname="" runstate="Runnable" type="Assembly" testcasecount="0" result="Passed" label="Test results saving functionality." start-time="0001-01-01 00:00:00.000000" end-time="0001-01-01 00:00:00.000000" duration="0.0" asserts="0" total="0" passed="0" failed="0" warnings="0" inconclusive="0" skipped="0"><properties><property name="python_version" value="3.12.10 (tags/v3.12.10:0cc8128, Apr  8 2025, 12:21:36) [MSC v.1943 64 bit (AMD64)]" /></properties><environment framework-version="3.6.2" clr-version="3.12.10 (tags/v3.12.10:0cc8128, Apr  8 2025, 12:21:36) [MSC v.1943 64 bit (AMD64)]" os-version="11" platform="Windows" cwd="c:\Users\jerio\RiderProjects\fractalstat" machine-name="AMD64" user="" user-domain="" culture="en_US" uiculture="en_US" os-architecture="64bit" /></test-suite><test-suite id="tests/test_exp11b_dimension_stress_test.py::TestStressTestConfigurations" name="tests/test_exp11b_dimension_stress_test.py::TestStressTestConfigurations" fullname="tests/test_exp11b_dimension_stress_test.py::TestStressTestConfigurations" methodname="" classname="" runstate="Runnable" type="Assembly" testcasecount="0" result="Passed" label="Test specific stress test configurations." start-time="0001-01-01 00:00:00.000000" end-time="0001-01-01 00:00:00.000000" duration="0.0" asserts="0" total="0" passed="0" failed="0" warnings="0" inconclusive="0" skipped="0"><properties><property name="python_version" value="3.12.10 (tags/v3.12.10:0cc8128, Apr  8 2025, 12:21:36) [MSC v.1943 64 bit (AMD64)]" /></properties><environment framework-version="3.6.2" clr-version="3.12.10 (tags/v3.12.10:0cc8128, Apr  8 2025, 12:21:36) [MSC v.1943 64 bit (AMD64)]" os-version="11" platform="Windows" cwd="c:\Users\jerio\RiderProjects\fractalstat" machine-name="AMD64" user="" user-domain="" culture="en_US" uiculture="en_US" os-architecture="64bit" /></test-suite><test-suite id="tests/test_exp02_retrieval_efficiency.py::TestMainEntryPoint" name="tests/test_exp02_retrieval_efficiency.py::TestMainEntryPoint" fullname="tests/test_exp02_retrieval_efficiency.py::TestMainEntryPoint" methodname="" classname="" runstate="Runnable" type="Assembly" testcasecount="0" result="Passed" label="Test main entry point execution." start-time="0001-01-01 00:00:00.000000" end-time="0001-01-01 00:00:00.000000" duration="0.0" asserts="0" total="0" passed="0" failed="0" warnings="0" inconclusive="0" skipped="0"><properties><property name="python_version" value="3.12.10 (tags/v3.12.10:0cc8128, Apr  8 2025, 12:21:36) [MSC v.1943 64 bit (AMD64)]" /></properties><environment framework-version="3.6.2" clr-version="3.12.10 (tags/v3.12.10:0cc8128, Apr  8 2025, 12:21:36) [MSC v.1943 64 bit (AMD64)]" os-version="11" platform="Windows" cwd="c:\Users\jerio\RiderProjects\fractalstat" machine-name="AMD64" user="" user-domain="" culture="en_US" uiculture="en_US" os-architecture="64bit" /></test-suite><test-suite id="tests/test_exp05_compression_expansion.py::TestSaveResults" name="tests/test_exp05_compression_expansion.py::TestSaveResults" fullname="tests/test_exp05_compression_expansion.py::TestSaveResults" methodname="" classname="" runstate="Runnable" type="Assembly" testcasecount="0" result="Passed" label="Test save_results function." start-time="0001-01-01 00:00:00.000000" end-time="0001-01-01 00:00:00.000000" duration="0.0" asserts="0" total="0" passed="0" failed="0" warnings="0" inconclusive="0" skipped="0"><properties><property name="python_version" value="3.12.10 (tags/v3.12.10:0cc8128, Apr  8 2025, 12:21:36) [MSC v.1943 64 bit (AMD64)]" /></properties><environment framework-version="3.6.2" clr-version="3.12.10 (tags/v3.12.10:0cc8128, Apr  8 2025, 12:21:36) [MSC v.1943 64 bit (AMD64)]" os-version="11" platform="Windows" cwd="c:\Users\jerio\RiderProjects\fractalstat" machine-name="AMD64" user="" user-domain="" culture="en_US" uiculture="en_US" os-architecture="64bit" /></test-suite></test-run>