<test-run id="2" testcasecount="0" result="Passed" start-time="2026-01-09 03:07:31.319552" end-time="2026-01-09 03:07:31.326189" duration="0" total="0" passed="0" failed="0" inconclusive="0" skipped="0" asserts="0" clr-version="3.12.10 (tags/v3.12.10:0cc8128, Apr  8 2025, 12:21:36) [MSC v.1943 64 bit (AMD64)]" engine-version="3.6.2"><command-line>C:\Users\jerio\RiderProjects\fractalstat\.venv\Lib\site-packages\pytest\__main__.py tests/test_exp13_fractal_gravity.py -v</command-line><filter><test re="0">tests/test_exp13_fractal_gravity.py</test></filter></test-run>